#
# There is insufficient memory for the Java Runtime Environment to continue.
# Native memory allocation (malloc) failed to allocate 1154736 bytes. Error detail: Chunk::new
# Possible reasons:
#   The system is out of physical RAM or swap space
#   This process is running with CompressedOops enabled, and the Java Heap may be blocking the growth of the native heap
# Possible solutions:
#   Reduce memory load on the system
#   Increase physical memory or swap space
#   Check if swap backing store is full
#   Decrease Java heap size (-Xmx/-Xms)
#   Decrease number of Java threads
#   Decrease Java thread stack sizes (-Xss)
#   Set larger code cache with -XX:ReservedCodeCacheSize=
#   JVM is running with Zero Based Compressed Oops mode in which the Java heap is
#     placed in the first 32GB address space. The Java Heap base address is the
#     maximum limit for the native heap growth. Please use -XX:HeapBaseMinAddress
#     to set the Java Heap base and to place the Java Heap above 32GB virtual address.
# This output file may be truncated or incomplete.
#
#  Out of Memory Error (arena.cpp:191), pid=24828, tid=18860
#
# JRE version: OpenJDK Runtime Environment (17.0.13+12) (build 17.0.13+12-LTS)
# Java VM: OpenJDK 64-Bit Server VM (17.0.13+12-LTS, mixed mode, sharing, tiered, compressed oops, compressed class ptrs, g1 gc, windows-amd64)
# No core dump will be written. Minidumps are not enabled by default on client versions of Windows
#

---------------  S U M M A R Y ------------

Command Line: -Ddebugger.agent.enable.coroutines=true -Dkotlinx.coroutines.debug.enable.creation.stack.trace=false -Dkotlinx.coroutines.debug.enable.flows.stack.trace=true -Dkotlinx.coroutines.debug.enable.mutable.state.flows.stack.trace=true -agentlib:jdwp=transport=dt_socket,server=n,suspend=y,address=127.0.0.1:64894 -javaagent:C:\Users\andre\AppData\Local\JetBrains\IntelliJIdea2024.3\captureAgent\debugger-agent.jar=file:/C:/Users/andre/AppData/Local/Temp/capture39434.props -Dfile.encoding=UTF-8 -Duser.country=RU -Duser.language=ru -Duser.variant org.userservice.UserServiceApplication

Host: AMD Ryzen 5 5600 6-Core Processor              , 12 cores, 15G,  Windows 11 , 64 bit Build 26100 (10.0.26100.4202)
Time: Tue Jul  1 23:47:41 2025 RTZ 2 (s 11 , 64 bit Build 26100 (10.0.26100.4202) elapsed time: 2895.609241 seconds (0d 0h 48m 15s)

---------------  T H R E A D  ---------------

Current thread (0x00000273e2f91b60):  JavaThread "C2 CompilerThread1" daemon [_thread_in_native, id=18860, stack(0x000000c91f900000,0x000000c91fa00000)]


Current CompileTask:
C2:2895609 13384       4       org.springframework.boot.context.properties.source.SoftReferenceConfigurationPropertyCache::get (67 bytes)

Stack: [0x000000c91f900000,0x000000c91fa00000]
Native frames: (J=compiled Java code, j=interpreted, Vv=VM code, C=native code)
V  [jvm.dll+0x680aa9]
V  [jvm.dll+0x837ce8]
V  [jvm.dll+0x8397ae]
V  [jvm.dll+0x839e13]
V  [jvm.dll+0x2489df]
V  [jvm.dll+0xac7e4]
V  [jvm.dll+0xace3c]
V  [jvm.dll+0x366e1f]
V  [jvm.dll+0x1bd1fa]
V  [jvm.dll+0x21aa37]
V  [jvm.dll+0x219d21]
V  [jvm.dll+0x1a5b90]
V  [jvm.dll+0x229b99]
V  [jvm.dll+0x227d1b]
V  [jvm.dll+0x7ecce8]
V  [jvm.dll+0x7e707c]
V  [jvm.dll+0x67f977]
C  [ucrtbase.dll+0x37b0]
C  [KERNEL32.DLL+0x2e8d7]
C  [ntdll.dll+0x3c34c]


---------------  P R O C E S S  ---------------

Threads class SMR info:
_java_thread_list=0x00000273e6e67760, length=21, elements={
0x00000273fec125d0, 0x00000273fec15c20, 0x00000273fec2e460, 0x00000273da086000,
0x00000273da087440, 0x00000273da088880, 0x00000273da08f9e0, 0x00000273da0be600,
0x00000273da08e350, 0x00000273da1e3700, 0x00000273da2ab9f0, 0x00000273da252d70,
0x00000273da253270, 0x00000273df4dcfe0, 0x00000273e6187630, 0x00000273dac6f990,
0x00000273df2ed0b0, 0x00000273df2f21b0, 0x00000273df2f26c0, 0x00000273e2f91b60,
0x00000273e2f92600
}

Java Threads: ( => current thread )
  0x00000273fec125d0 JavaThread "Reference Handler" daemon [_thread_blocked, id=28940, stack(0x000000c91ef00000,0x000000c91f000000)]
  0x00000273fec15c20 JavaThread "Finalizer" daemon [_thread_blocked, id=21764, stack(0x000000c91f000000,0x000000c91f100000)]
  0x00000273fec2e460 JavaThread "Signal Dispatcher" daemon [_thread_blocked, id=26784, stack(0x000000c91f100000,0x000000c91f200000)]
  0x00000273da086000 JavaThread "Attach Listener" daemon [_thread_blocked, id=11268, stack(0x000000c91f200000,0x000000c91f300000)]
  0x00000273da087440 JavaThread "Service Thread" daemon [_thread_blocked, id=14184, stack(0x000000c91f300000,0x000000c91f400000)]
  0x00000273da088880 JavaThread "Monitor Deflation Thread" daemon [_thread_blocked, id=12360, stack(0x000000c91f400000,0x000000c91f500000)]
  0x00000273da08f9e0 JavaThread "C2 CompilerThread0" daemon [_thread_in_native, id=26540, stack(0x000000c91f500000,0x000000c91f600000)]
  0x00000273da0be600 JavaThread "C1 CompilerThread0" daemon [_thread_blocked, id=23676, stack(0x000000c91f600000,0x000000c91f700000)]
  0x00000273da08e350 JavaThread "Sweeper thread" daemon [_thread_blocked, id=4908, stack(0x000000c91f700000,0x000000c91f800000)]
  0x00000273da1e3700 JavaThread "Common-Cleaner" daemon [_thread_blocked, id=27156, stack(0x000000c91f800000,0x000000c91f900000)]
  0x00000273da2ab9f0 JavaThread "JDWP Transport Listener: dt_socket" daemon [_thread_blocked, id=14484, stack(0x000000c91fa00000,0x000000c91fb00000)]
  0x00000273da252d70 JavaThread "JDWP Event Helper Thread" daemon [_thread_blocked, id=23784, stack(0x000000c91fb00000,0x000000c91fc00000)]
  0x00000273da253270 JavaThread "JDWP Command Reader" daemon [_thread_in_native, id=28732, stack(0x000000c91fc00000,0x000000c91fd00000)]
  0x00000273df4dcfe0 JavaThread "Notification Thread" daemon [_thread_blocked, id=7504, stack(0x000000c91fe00000,0x000000c91ff00000)]
  0x00000273e6187630 JavaThread "PostgreSQL-JDBC-Cleaner" daemon [_thread_blocked, id=21824, stack(0x000000c921300000,0x000000c921400000)]
  0x00000273dac6f990 JavaThread "DestroyJavaVM" [_thread_blocked, id=20892, stack(0x000000c91e800000,0x000000c91e900000)]
  0x00000273df2ed0b0 JavaThread "Thread-1" [_thread_blocked, id=26548, stack(0x000000c91e500000,0x000000c91e600000)]
  0x00000273df2f21b0 JavaThread "restartedMain" [_thread_in_native, id=28336, stack(0x000000c91e600000,0x000000c91e700000)]
  0x00000273df2f26c0 JavaThread "spring.cloud.inetutils" daemon [_thread_in_native, id=27944, stack(0x000000c920900000,0x000000c920a00000)]
=>0x00000273e2f91b60 JavaThread "C2 CompilerThread1" daemon [_thread_in_native, id=18860, stack(0x000000c91f900000,0x000000c91fa00000)]
  0x00000273e2f92600 JavaThread "C2 CompilerThread2" daemon [_thread_blocked, id=10488, stack(0x000000c91fd00000,0x000000c91fe00000)]

Other Threads:
  0x00000273fec0c610 VMThread "VM Thread" [stack: 0x000000c91ee00000,0x000000c91ef00000] [id=28200]
  0x00000273f36c5e70 WatcherThread [stack: 0x000000c91ff00000,0x000000c920000000] [id=10668]
  0x00000273f3731660 GCTaskThread "GC Thread#0" [stack: 0x000000c91e900000,0x000000c91ea00000] [id=19772]
  0x00000273df794ea0 GCTaskThread "GC Thread#1" [stack: 0x000000c920000000,0x000000c920100000] [id=28104]
  0x00000273df5430c0 GCTaskThread "GC Thread#2" [stack: 0x000000c920100000,0x000000c920200000] [id=24060]
  0x00000273df69a260 GCTaskThread "GC Thread#3" [stack: 0x000000c920200000,0x000000c920300000] [id=228]
  0x00000273df74fc90 GCTaskThread "GC Thread#4" [stack: 0x000000c920300000,0x000000c920400000] [id=25588]
  0x00000273df681a00 GCTaskThread "GC Thread#5" [stack: 0x000000c920400000,0x000000c920500000] [id=24484]
  0x00000273df749fa0 GCTaskThread "GC Thread#6" [stack: 0x000000c920500000,0x000000c920600000] [id=1384]
  0x00000273df1981b0 GCTaskThread "GC Thread#7" [stack: 0x000000c920600000,0x000000c920700000] [id=20616]
  0x00000273df3a9430 GCTaskThread "GC Thread#8" [stack: 0x000000c920700000,0x000000c920800000] [id=18048]
  0x00000273df668620 GCTaskThread "GC Thread#9" [stack: 0x000000c920800000,0x000000c920900000] [id=15036]
  0x00000273f373eb40 ConcurrentGCThread "G1 Main Marker" [stack: 0x000000c91ea00000,0x000000c91eb00000] [id=12940]
  0x00000273f37406d0 ConcurrentGCThread "G1 Conc#0" [stack: 0x000000c91eb00000,0x000000c91ec00000] [id=24056]
  0x00000273e0f3b500 ConcurrentGCThread "G1 Conc#1" [stack: 0x000000c920d00000,0x000000c920e00000] [id=27072]
  0x00000273e0f3c000 ConcurrentGCThread "G1 Conc#2" [stack: 0x000000c920e00000,0x000000c920f00000] [id=20092]
  0x00000273feb45ab0 ConcurrentGCThread "G1 Refine#0" [stack: 0x000000c91ec00000,0x000000c91ed00000] [id=27196]
  0x00000273e4768a10 ConcurrentGCThread "G1 Refine#1" [stack: 0x000000c921200000,0x000000c921300000] [id=28304]
  0x00000273feb46290 ConcurrentGCThread "G1 Service" [stack: 0x000000c91ed00000,0x000000c91ee00000] [id=25008]

Threads with active compile tasks:
C2 CompilerThread0  2895903 13432       4       org.springframework.util.StringUtils::cleanPath (346 bytes)
C2 CompilerThread1  2895903 13384       4       org.springframework.boot.context.properties.source.SoftReferenceConfigurationPropertyCache::get (67 bytes)

VM state: not at safepoint (normal execution)

VM Mutex/Monitor currently owned by a thread: None

Heap address: 0x0000000701200000, size: 4078 MB, Compressed Oops mode: Zero based, Oop shift amount: 3

CDS archive(s) mapped at: [0x0000027399000000-0x0000027399bc0000-0x0000027399bc0000), size 12320768, SharedBaseAddress: 0x0000027399000000, ArchiveRelocationMode: 1.
Compressed class space mapped at: 0x000002739a000000-0x00000273da000000, reserved size: 1073741824
Narrow klass base: 0x0000027399000000, Narrow klass shift: 0, Narrow klass range: 0x100000000

GC Precious Log:
 CPUs: 12 total, 12 available
 Memory: 16309M
 Large Page Support: Disabled
 NUMA Support: Disabled
 Compressed Oops: Enabled (Zero based)
 Heap Region Size: 2M
 Heap Min Capacity: 8M
 Heap Initial Capacity: 256M
 Heap Max Capacity: 4078M
 Pre-touch: Disabled
 Parallel Workers: 10
 Concurrent Workers: 3
 Concurrent Refinement Workers: 10
 Periodic GC: Disabled

Heap:
 garbage-first heap   total 106496K, used 60245K [0x0000000701200000, 0x0000000800000000)
  region size 2048K, 8 young (16384K), 0 survivors (0K)
 Metaspace       used 105101K, committed 105920K, reserved 1179648K
  class space    used 14044K, committed 14464K, reserved 1048576K

Heap Regions: E=young(eden), S=young(survivor), O=old, HS=humongous(starts), HC=humongous(continues), CS=collection set, F=free, OA=open archive, CA=closed archive, TAMS=top-at-mark-start (previous, next)
|   0|0x0000000701200000, 0x0000000701400000, 0x0000000701400000|100%| O|  |TAMS 0x0000000701200000, 0x0000000701200000| Untracked 
|   1|0x0000000701400000, 0x0000000701600000, 0x0000000701600000|100%| O|  |TAMS 0x0000000701600000, 0x0000000701400000| Untracked 
|   2|0x0000000701600000, 0x00000007017ffed0, 0x0000000701800000| 99%| O|  |TAMS 0x0000000701600000, 0x0000000701600000| Untracked 
|   3|0x0000000701800000, 0x0000000701a00000, 0x0000000701a00000|100%| O|  |TAMS 0x0000000701a00000, 0x0000000701800000| Untracked 
|   4|0x0000000701a00000, 0x0000000701bffff8, 0x0000000701c00000| 99%| O|  |TAMS 0x0000000701a00000, 0x0000000701a00000| Untracked 
|   5|0x0000000701c00000, 0x0000000701e00000, 0x0000000701e00000|100%| O|  |TAMS 0x0000000701e00000, 0x0000000701c00000| Untracked 
|   6|0x0000000701e00000, 0x0000000702000000, 0x0000000702000000|100%| O|  |TAMS 0x0000000701e00000, 0x0000000701e00000| Untracked 
|   7|0x0000000702000000, 0x00000007021ffff0, 0x0000000702200000| 99%| O|  |TAMS 0x0000000702000000, 0x0000000702000000| Untracked 
|   8|0x0000000702200000, 0x00000007023fffe0, 0x0000000702400000| 99%| O|  |TAMS 0x0000000702200000, 0x0000000702200000| Untracked 
|   9|0x0000000702400000, 0x00000007025ffff0, 0x0000000702600000| 99%| O|  |TAMS 0x0000000702400000, 0x0000000702400000| Untracked 
|  10|0x0000000702600000, 0x00000007027ffff8, 0x0000000702800000| 99%| O|  |TAMS 0x0000000702600000, 0x0000000702600000| Untracked 
|  11|0x0000000702800000, 0x0000000702a00000, 0x0000000702a00000|100%| O|  |TAMS 0x0000000702800000, 0x0000000702800000| Untracked 
|  12|0x0000000702a00000, 0x0000000702bfffc8, 0x0000000702c00000| 99%| O|  |TAMS 0x0000000702a00000, 0x0000000702a00000| Untracked 
|  13|0x0000000702c00000, 0x0000000702dfffe0, 0x0000000702e00000| 99%| O|  |TAMS 0x0000000702c00000, 0x0000000702c00000| Untracked 
|  14|0x0000000702e00000, 0x0000000702ffffe0, 0x0000000703000000| 99%| O|  |TAMS 0x0000000702e00000, 0x0000000702e00000| Untracked 
|  15|0x0000000703000000, 0x00000007031ffff8, 0x0000000703200000| 99%| O|  |TAMS 0x0000000703000000, 0x0000000703000000| Untracked 
|  16|0x0000000703200000, 0x00000007033fffe8, 0x0000000703400000| 99%| O|  |TAMS 0x0000000703200000, 0x0000000703200000| Untracked 
|  17|0x0000000703400000, 0x00000007035ffff8, 0x0000000703600000| 99%| O|  |TAMS 0x0000000703400000, 0x0000000703400000| Untracked 
|  18|0x0000000703600000, 0x00000007037fffe8, 0x0000000703800000| 99%| O|  |TAMS 0x0000000703600000, 0x0000000703600000| Untracked 
|  19|0x0000000703800000, 0x000000070396a7e8, 0x0000000703a00000| 70%| O|  |TAMS 0x0000000703800000, 0x0000000703800000| Untracked 
|  20|0x0000000703a00000, 0x0000000703bffff8, 0x0000000703c00000| 99%| O|  |TAMS 0x0000000703a00000, 0x0000000703a00000| Untracked 
|  21|0x0000000703c00000, 0x0000000703dfffa8, 0x0000000703e00000| 99%| O|  |TAMS 0x0000000703c00000, 0x0000000703c00000| Untracked 
|  22|0x0000000703e00000, 0x0000000703e00000, 0x0000000704000000|  0%| F|  |TAMS 0x0000000703e00000, 0x0000000703e00000| Untracked 
|  23|0x0000000704000000, 0x0000000704056f38, 0x0000000704200000| 16%| O|  |TAMS 0x0000000704000000, 0x0000000704000000| Untracked 
|  24|0x0000000704200000, 0x00000007043a4238, 0x0000000704400000| 82%| O|  |TAMS 0x0000000704200000, 0x0000000704200000| Untracked 
|  25|0x0000000704400000, 0x000000070456fdb8, 0x0000000704600000| 71%| O|  |TAMS 0x0000000704400000, 0x0000000704400000| Untracked 
|  26|0x0000000704600000, 0x0000000704600000, 0x0000000704800000|  0%| F|  |TAMS 0x0000000704600000, 0x0000000704600000| Untracked 
|  27|0x0000000704800000, 0x0000000704800000, 0x0000000704a00000|  0%| F|  |TAMS 0x0000000704800000, 0x0000000704800000| Untracked 
|  28|0x0000000704a00000, 0x0000000704a00000, 0x0000000704c00000|  0%| F|  |TAMS 0x0000000704a00000, 0x0000000704a00000| Untracked 
|  29|0x0000000704c00000, 0x0000000704c00000, 0x0000000704e00000|  0%| F|  |TAMS 0x0000000704c00000, 0x0000000704c00000| Untracked 
|  30|0x0000000704e00000, 0x0000000704e00000, 0x0000000705000000|  0%| F|  |TAMS 0x0000000704e00000, 0x0000000704e00000| Untracked 
|  31|0x0000000705000000, 0x0000000705000000, 0x0000000705200000|  0%| F|  |TAMS 0x0000000705000000, 0x0000000705000000| Untracked 
|  32|0x0000000705200000, 0x0000000705200000, 0x0000000705400000|  0%| F|  |TAMS 0x0000000705200000, 0x0000000705200000| Untracked 
|  33|0x0000000705400000, 0x0000000705400000, 0x0000000705600000|  0%| F|  |TAMS 0x0000000705400000, 0x0000000705400000| Untracked 
|  34|0x0000000705600000, 0x0000000705600000, 0x0000000705800000|  0%| F|  |TAMS 0x0000000705600000, 0x0000000705600000| Untracked 
|  35|0x0000000705800000, 0x0000000705800000, 0x0000000705a00000|  0%| F|  |TAMS 0x0000000705800000, 0x0000000705800000| Untracked 
|  36|0x0000000705a00000, 0x0000000705a00000, 0x0000000705c00000|  0%| F|  |TAMS 0x0000000705a00000, 0x0000000705a00000| Untracked 
|  37|0x0000000705c00000, 0x0000000705c00000, 0x0000000705e00000|  0%| F|  |TAMS 0x0000000705c00000, 0x0000000705c00000| Untracked 
|  38|0x0000000705e00000, 0x0000000705e00000, 0x0000000706000000|  0%| F|  |TAMS 0x0000000705e00000, 0x0000000705e00000| Untracked 
|  39|0x0000000706000000, 0x0000000706000000, 0x0000000706200000|  0%| F|  |TAMS 0x0000000706000000, 0x0000000706000000| Untracked 
|  40|0x0000000706200000, 0x0000000706200000, 0x0000000706400000|  0%| F|  |TAMS 0x0000000706200000, 0x0000000706200000| Untracked 
|  41|0x0000000706400000, 0x0000000706400000, 0x0000000706600000|  0%| F|  |TAMS 0x0000000706400000, 0x0000000706400000| Untracked 
|  42|0x0000000706600000, 0x0000000706600000, 0x0000000706800000|  0%| F|  |TAMS 0x0000000706600000, 0x0000000706600000| Untracked 
|  43|0x0000000706800000, 0x0000000706800000, 0x0000000706a00000|  0%| F|  |TAMS 0x0000000706800000, 0x0000000706800000| Untracked 
|  44|0x0000000706a00000, 0x0000000706ae42c8, 0x0000000706c00000| 44%| E|  |TAMS 0x0000000706a00000, 0x0000000706a00000| Complete 
|  45|0x0000000706c00000, 0x0000000706e00000, 0x0000000706e00000|100%| E|  |TAMS 0x0000000706c00000, 0x0000000706c00000| Complete 
|  46|0x0000000706e00000, 0x0000000707000000, 0x0000000707000000|100%| E|CS|TAMS 0x0000000706e00000, 0x0000000706e00000| Complete 
|  47|0x0000000707000000, 0x0000000707200000, 0x0000000707200000|100%| E|CS|TAMS 0x0000000707000000, 0x0000000707000000| Complete 
|  48|0x0000000707200000, 0x0000000707400000, 0x0000000707400000|100%| E|CS|TAMS 0x0000000707200000, 0x0000000707200000| Complete 
| 108|0x000000070ea00000, 0x000000070ec00000, 0x000000070ec00000|100%| E|CS|TAMS 0x000000070ea00000, 0x000000070ea00000| Complete 
| 109|0x000000070ec00000, 0x000000070ee00000, 0x000000070ee00000|100%| E|CS|TAMS 0x000000070ec00000, 0x000000070ec00000| Complete 
| 127|0x0000000711000000, 0x0000000711200000, 0x0000000711200000|100%| E|CS|TAMS 0x0000000711000000, 0x0000000711000000| Complete 

Card table byte_map: [0x00000273fda30000,0x00000273fe230000] _byte_map_base: 0x00000273fa227000

Marking Bits (Prev, Next): (CMBitMap*) 0x00000273f3731bd0, (CMBitMap*) 0x00000273f3731b90
 Prev Bits: [0x0000027392fc0000, 0x0000027396f78000)
 Next Bits: [0x000002738f000000, 0x0000027392fb8000)

Polling page: 0x00000273f1de0000

Metaspace:

Usage:
  Non-class:     88.92 MB used.
      Class:     13.72 MB used.
       Both:    102.64 MB used.

Virtual space:
  Non-class space:      128.00 MB reserved,      89.31 MB ( 70%) committed,  2 nodes.
      Class space:        1.00 GB reserved,      14.12 MB (  1%) committed,  1 nodes.
             Both:        1.12 GB reserved,     103.44 MB (  9%) committed. 

Chunk freelists:
   Non-Class:  6.20 MB
       Class:  1.87 MB
        Both:  8.07 MB

MaxMetaspaceSize: unlimited
CompressedClassSpaceSize: 1.00 GB
Initial GC threshold: 21.00 MB
Current GC threshold: 172.44 MB
CDS: on
MetaspaceReclaimPolicy: balanced
 - commit_granule_bytes: 65536.
 - commit_granule_words: 8192.
 - virtual_space_node_default_size: 8388608.
 - enlarge_chunks_in_place: 1.
 - new_chunks_are_fully_committed: 0.
 - uncommit_free_chunks: 1.
 - use_allocation_guard: 0.
 - handle_deallocations: 1.


Internal statistics:

num_allocs_failed_limit: 9.
num_arena_births: 1282.
num_arena_deaths: 20.
num_vsnodes_births: 3.
num_vsnodes_deaths: 0.
num_space_committed: 1655.
num_space_uncommitted: 0.
num_chunks_returned_to_freelist: 37.
num_chunks_taken_from_freelist: 5032.
num_chunk_merges: 11.
num_chunk_splits: 3612.
num_chunks_enlarged: 2772.
num_inconsistent_stats: 0.

CodeHeap 'non-profiled nmethods': size=120000Kb used=9071Kb max_used=9071Kb free=110929Kb
 bounds [0x0000027387ad0000, 0x00000273883b0000, 0x000002738f000000]
CodeHeap 'profiled nmethods': size=120000Kb used=23455Kb max_used=23455Kb free=96545Kb
 bounds [0x0000027380000000, 0x00000273816f0000, 0x0000027387530000]
CodeHeap 'non-nmethods': size=5760Kb used=1495Kb max_used=1556Kb free=4264Kb
 bounds [0x0000027387530000, 0x00000273877a0000, 0x0000027387ad0000]
 total_blobs=12447 nmethods=11680 adapters=678
 compilation: enabled
              stopped_count=0, restarted_count=0
 full_count=0

Compilation events (20 events):
Event: 2893.440 Thread 0x00000273da0be600 13453       3       org.springframework.core.type.AnnotationMetadata$$Lambda$482/0x000002739a2a8000::get (8 bytes)
Event: 2893.440 Thread 0x00000273da0be600 nmethod 13453 0x00000273816dce90 code [0x00000273816dd060, 0x00000273816dd288]
Event: 2893.444 Thread 0x00000273da0be600 13454       3       org.springframework.core.type.filter.AbstractTypeHierarchyTraversingFilter::<init> (26 bytes)
Event: 2893.444 Thread 0x00000273da0be600 nmethod 13454 0x00000273816dd390 code [0x00000273816dd5a0, 0x00000273816ddc98]
Event: 2893.457 Thread 0x00000273da0be600 13455       3       java.util.stream.SortedOps$RefSortingSink::begin (48 bytes)
Event: 2893.457 Thread 0x00000273da0be600 nmethod 13455 0x00000273816ddf10 code [0x00000273816de100, 0x00000273816de6f8]
Event: 2893.457 Thread 0x00000273da0be600 13456       3       java.util.stream.SortedOps$RefSortingSink::end (126 bytes)
Event: 2893.462 Thread 0x00000273da0be600 nmethod 13456 0x00000273816de910 code [0x00000273816debe0, 0x00000273816dff28]
Event: 2893.481 Thread 0x00000273da0be600 13457       3       org.springframework.core.type.filter.AssignableTypeFilter::matchSuperClass (6 bytes)
Event: 2893.481 Thread 0x00000273da0be600 nmethod 13457 0x00000273816e0510 code [0x00000273816e06a0, 0x00000273816e0868]
Event: 2893.483 Thread 0x00000273da0be600 13459       3       org.springframework.boot.autoconfigure.AutoConfigurationImportSelector$ConfigurationClassFilter::filter (220 bytes)
Event: 2893.484 Thread 0x00000273da0be600 nmethod 13459 0x00000273816e0910 code [0x00000273816e0c60, 0x00000273816e2628]
Event: 2893.484 Thread 0x00000273da0be600 13458       3       org.springframework.boot.autoconfigure.condition.FilteringSpringBootCondition$ClassNameFilter$1::matches (6 bytes)
Event: 2893.484 Thread 0x00000273da0be600 nmethod 13458 0x00000273816e3010 code [0x00000273816e31e0, 0x00000273816e3508]
Event: 2893.494 Thread 0x00000273da0be600 13460       3       org.springframework.context.annotation.ConfigurationClassParser$SourceClass::isAssignable (49 bytes)
Event: 2893.496 Thread 0x00000273da0be600 nmethod 13460 0x00000273816e3690 code [0x00000273816e3900, 0x00000273816e4618]
Event: 2893.506 Thread 0x00000273da0be600 13462       3       org.springframework.core.annotation.MergedAnnotation$Adapt::values (34 bytes)
Event: 2893.507 Thread 0x00000273da0be600 nmethod 13462 0x00000273816e4a10 code [0x00000273816e4c00, 0x00000273816e5278]
Event: 2893.507 Thread 0x00000273da0be600 13461       3       org.springframework.context.annotation.ConditionEvaluator::getConditionClasses (45 bytes)
Event: 2893.507 Thread 0x00000273da0be600 nmethod 13461 0x00000273816e5510 code [0x00000273816e5700, 0x00000273816e5d08]

GC Heap History (20 events):
Event: 864.813 GC heap before
{Heap before GC invocations=51 (full 0):
 garbage-first heap   total 106496K, used 87751K [0x0000000701200000, 0x0000000800000000)
  region size 2048K, 16 young (32768K), 1 survivors (2048K)
 Metaspace       used 104388K, committed 105216K, reserved 1179648K
  class space    used 13983K, committed 14400K, reserved 1048576K
}
Event: 864.817 GC heap after
{Heap after GC invocations=52 (full 0):
 garbage-first heap   total 106496K, used 57035K [0x0000000701200000, 0x0000000800000000)
  region size 2048K, 1 young (2048K), 1 survivors (2048K)
 Metaspace       used 104388K, committed 105216K, reserved 1179648K
  class space    used 13983K, committed 14400K, reserved 1048576K
}
Event: 1149.861 GC heap before
{Heap before GC invocations=53 (full 0):
 garbage-first heap   total 106496K, used 89803K [0x0000000701200000, 0x0000000800000000)
  region size 2048K, 17 young (34816K), 1 survivors (2048K)
 Metaspace       used 104471K, committed 105280K, reserved 1179648K
  class space    used 13983K, committed 14400K, reserved 1048576K
}
Event: 1149.868 GC heap after
{Heap after GC invocations=54 (full 0):
 garbage-first heap   total 106496K, used 57048K [0x0000000701200000, 0x0000000800000000)
  region size 2048K, 1 young (2048K), 1 survivors (2048K)
 Metaspace       used 104471K, committed 105280K, reserved 1179648K
  class space    used 13983K, committed 14400K, reserved 1048576K
}
Event: 1442.839 GC heap before
{Heap before GC invocations=54 (full 0):
 garbage-first heap   total 106496K, used 89816K [0x0000000701200000, 0x0000000800000000)
  region size 2048K, 17 young (34816K), 1 survivors (2048K)
 Metaspace       used 104536K, committed 105344K, reserved 1179648K
  class space    used 13983K, committed 14400K, reserved 1048576K
}
Event: 1442.873 GC heap after
{Heap after GC invocations=55 (full 0):
 garbage-first heap   total 106496K, used 57037K [0x0000000701200000, 0x0000000800000000)
  region size 2048K, 1 young (2048K), 1 survivors (2048K)
 Metaspace       used 104536K, committed 105344K, reserved 1179648K
  class space    used 13983K, committed 14400K, reserved 1048576K
}
Event: 1736.075 GC heap before
{Heap before GC invocations=56 (full 0):
 garbage-first heap   total 106496K, used 89805K [0x0000000701200000, 0x0000000800000000)
  region size 2048K, 17 young (34816K), 1 survivors (2048K)
 Metaspace       used 104574K, committed 105408K, reserved 1179648K
  class space    used 13983K, committed 14400K, reserved 1048576K
}
Event: 1736.079 GC heap after
{Heap after GC invocations=57 (full 0):
 garbage-first heap   total 106496K, used 57083K [0x0000000701200000, 0x0000000800000000)
  region size 2048K, 1 young (2048K), 1 survivors (2048K)
 Metaspace       used 104574K, committed 105408K, reserved 1179648K
  class space    used 13983K, committed 14400K, reserved 1048576K
}
Event: 2011.502 GC heap before
{Heap before GC invocations=57 (full 0):
 garbage-first heap   total 106496K, used 89851K [0x0000000701200000, 0x0000000800000000)
  region size 2048K, 17 young (34816K), 1 survivors (2048K)
 Metaspace       used 104666K, committed 105472K, reserved 1179648K
  class space    used 13984K, committed 14400K, reserved 1048576K
}
Event: 2011.611 GC heap after
{Heap after GC invocations=58 (full 0):
 garbage-first heap   total 106496K, used 57644K [0x0000000701200000, 0x0000000800000000)
  region size 2048K, 1 young (2048K), 1 survivors (2048K)
 Metaspace       used 104666K, committed 105472K, reserved 1179648K
  class space    used 13984K, committed 14400K, reserved 1048576K
}
Event: 2304.618 GC heap before
{Heap before GC invocations=59 (full 0):
 garbage-first heap   total 106496K, used 90412K [0x0000000701200000, 0x0000000800000000)
  region size 2048K, 17 young (34816K), 1 survivors (2048K)
 Metaspace       used 104690K, committed 105472K, reserved 1179648K
  class space    used 13984K, committed 14400K, reserved 1048576K
}
Event: 2304.628 GC heap after
{Heap after GC invocations=60 (full 0):
 garbage-first heap   total 106496K, used 57701K [0x0000000701200000, 0x0000000800000000)
  region size 2048K, 1 young (2048K), 1 survivors (2048K)
 Metaspace       used 104690K, committed 105472K, reserved 1179648K
  class space    used 13984K, committed 14400K, reserved 1048576K
}
Event: 2323.234 GC heap before
{Heap before GC invocations=60 (full 0):
 garbage-first heap   total 106496K, used 59749K [0x0000000701200000, 0x0000000800000000)
  region size 2048K, 2 young (4096K), 1 survivors (2048K)
 Metaspace       used 104690K, committed 105472K, reserved 1179648K
  class space    used 13984K, committed 14400K, reserved 1048576K
}
Event: 2323.258 GC heap after
{Heap after GC invocations=61 (full 0):
 garbage-first heap   total 106496K, used 57109K [0x0000000701200000, 0x0000000800000000)
  region size 2048K, 1 young (2048K), 1 survivors (2048K)
 Metaspace       used 104690K, committed 105472K, reserved 1179648K
  class space    used 13984K, committed 14400K, reserved 1048576K
}
Event: 2612.466 GC heap before
{Heap before GC invocations=61 (full 0):
 garbage-first heap   total 106496K, used 87829K [0x0000000701200000, 0x0000000800000000)
  region size 2048K, 17 young (34816K), 1 survivors (2048K)
 Metaspace       used 104725K, committed 105536K, reserved 1179648K
  class space    used 13984K, committed 14400K, reserved 1048576K
}
Event: 2612.478 GC heap after
{Heap after GC invocations=62 (full 0):
 garbage-first heap   total 106496K, used 57112K [0x0000000701200000, 0x0000000800000000)
  region size 2048K, 1 young (2048K), 1 survivors (2048K)
 Metaspace       used 104725K, committed 105536K, reserved 1179648K
  class space    used 13984K, committed 14400K, reserved 1048576K
}
Event: 2891.876 GC heap before
{Heap before GC invocations=63 (full 0):
 garbage-first heap   total 106496K, used 89880K [0x0000000701200000, 0x0000000800000000)
  region size 2048K, 17 young (34816K), 1 survivors (2048K)
 Metaspace       used 104905K, committed 105728K, reserved 1179648K
  class space    used 14016K, committed 14400K, reserved 1048576K
}
Event: 2891.879 GC heap after
{Heap after GC invocations=64 (full 0):
 garbage-first heap   total 106496K, used 57166K [0x0000000701200000, 0x0000000800000000)
  region size 2048K, 1 young (2048K), 1 survivors (2048K)
 Metaspace       used 104905K, committed 105728K, reserved 1179648K
  class space    used 14016K, committed 14400K, reserved 1048576K
}
Event: 2891.942 GC heap before
{Heap before GC invocations=64 (full 0):
 garbage-first heap   total 106496K, used 59214K [0x0000000701200000, 0x0000000800000000)
  region size 2048K, 3 young (6144K), 1 survivors (2048K)
 Metaspace       used 105057K, committed 105920K, reserved 1179648K
  class space    used 14043K, committed 14464K, reserved 1048576K
}
Event: 2892.042 GC heap after
{Heap after GC invocations=65 (full 1):
 garbage-first heap   total 106496K, used 47957K [0x0000000701200000, 0x0000000800000000)
  region size 2048K, 0 young (0K), 0 survivors (0K)
 Metaspace       used 105057K, committed 105920K, reserved 1179648K
  class space    used 14043K, committed 14464K, reserved 1048576K
}

Dll operation events (13 events):
Event: 0.006 Loaded shared library C:\Users\andre\.jdks\liberica-full-17.0.13\bin\java.dll
Event: 0.007 Loaded shared library C:\Users\andre\.jdks\liberica-full-17.0.13\bin\zip.dll
Event: 0.015 Loaded shared library C:\Users\andre\.jdks\liberica-full-17.0.13\bin\jsvml.dll
Event: 0.117 Loaded shared library C:\Users\andre\.jdks\liberica-full-17.0.13\bin\instrument.dll
Event: 0.124 Loaded shared library C:\Users\andre\.jdks\liberica-full-17.0.13\bin\net.dll
Event: 0.125 Loaded shared library C:\Users\andre\.jdks\liberica-full-17.0.13\bin\nio.dll
Event: 0.127 Loaded shared library C:\Users\andre\.jdks\liberica-full-17.0.13\bin\zip.dll
Event: 0.200 Loaded shared library C:\Users\andre\.jdks\liberica-full-17.0.13\bin\jimage.dll
Event: 0.713 Loaded shared library C:\Users\andre\.jdks\liberica-full-17.0.13\bin\management.dll
Event: 0.715 Loaded shared library C:\Users\andre\.jdks\liberica-full-17.0.13\bin\management_ext.dll
Event: 2.467 Loaded shared library C:\Users\andre\.jdks\liberica-full-17.0.13\bin\sunmscapi.dll
Event: 5.146 Loaded shared library C:\Users\andre\.jdks\liberica-full-17.0.13\bin\extnet.dll
Event: 5.356 Loaded shared library C:\Users\andre\.jdks\liberica-full-17.0.13\bin\verify.dll

Deoptimization events (20 events):
Event: 2893.514 Thread 0x00000273df2f21b0 DEOPT PACKING pc=0x00000273805befa9 sp=0x000000c91e6fc830
Event: 2893.514 Thread 0x00000273df2f21b0 DEOPT UNPACKING pc=0x0000027387587143 sp=0x000000c91e6fbd08 mode 1
Event: 2893.514 Thread 0x00000273df2f21b0 DEOPT PACKING pc=0x00000273805bd7ec sp=0x000000c91e6fc8c0
Event: 2893.514 Thread 0x00000273df2f21b0 DEOPT UNPACKING pc=0x0000027387587143 sp=0x000000c91e6fbe70 mode 1
Event: 2893.515 Thread 0x00000273df2f21b0 DEOPT PACKING pc=0x00000273805ba244 sp=0x000000c91e6fca30
Event: 2893.515 Thread 0x00000273df2f21b0 DEOPT UNPACKING pc=0x0000027387587143 sp=0x000000c91e6fc000 mode 1
Event: 2893.518 Thread 0x00000273df2f21b0 DEOPT PACKING pc=0x00000273805befa9 sp=0x000000c91e6fc5d0
Event: 2893.518 Thread 0x00000273df2f21b0 DEOPT UNPACKING pc=0x0000027387587143 sp=0x000000c91e6fbaa8 mode 1
Event: 2893.518 Thread 0x00000273df2f21b0 DEOPT PACKING pc=0x00000273805bd7ec sp=0x000000c91e6fc660
Event: 2893.518 Thread 0x00000273df2f21b0 DEOPT UNPACKING pc=0x0000027387587143 sp=0x000000c91e6fbc10 mode 1
Event: 2893.518 Thread 0x00000273df2f21b0 DEOPT PACKING pc=0x00000273805ba244 sp=0x000000c91e6fc7d0
Event: 2893.518 Thread 0x00000273df2f21b0 DEOPT UNPACKING pc=0x0000027387587143 sp=0x000000c91e6fbda0 mode 1
Event: 2893.524 Thread 0x00000273df2f21b0 DEOPT PACKING pc=0x00000273805befa9 sp=0x000000c91e6fcef0
Event: 2893.524 Thread 0x00000273df2f21b0 DEOPT UNPACKING pc=0x0000027387587143 sp=0x000000c91e6fc3c8 mode 1
Event: 2893.524 Thread 0x00000273df2f21b0 DEOPT PACKING pc=0x00000273805bd7ec sp=0x000000c91e6fcf80
Event: 2893.524 Thread 0x00000273df2f21b0 DEOPT UNPACKING pc=0x0000027387587143 sp=0x000000c91e6fc530 mode 1
Event: 2893.524 Thread 0x00000273df2f21b0 DEOPT PACKING pc=0x00000273805ba244 sp=0x000000c91e6fd0f0
Event: 2893.524 Thread 0x00000273df2f21b0 DEOPT UNPACKING pc=0x0000027387587143 sp=0x000000c91e6fc6c0 mode 1
Event: 2894.533 Thread 0x00000273df2f21b0 DEOPT PACKING pc=0x00000273805befa9 sp=0x000000c91e6fcd00
Event: 2894.533 Thread 0x00000273df2f21b0 DEOPT UNPACKING pc=0x0000027387587143 sp=0x000000c91e6fc1d8 mode 1

Classes loaded (20 events):
Event: 2893.374 Loading class org/springframework/web/reactive/HandlerResult
Event: 2893.374 Loading class org/springframework/web/reactive/HandlerResult done
Event: 2893.375 Loading class org/springframework/cloud/loadbalancer/support/LoadBalancerClientFactory
Event: 2893.375 Loading class org/springframework/cloud/loadbalancer/support/LoadBalancerClientFactory done
Event: 2893.395 Loading class kotlin/Metadata
Event: 2893.395 Loading class kotlin/Metadata done
Event: 2893.455 Loading class io/undertow/websockets/jsr/Bootstrap
Event: 2893.455 Loading class io/undertow/websockets/jsr/Bootstrap done
Event: 2893.456 Loading class org/eclipse/jetty/ee10/websocket/jakarta/server/config/JakartaWebSocketServletContainerInitializer
Event: 2893.456 Loading class org/eclipse/jetty/ee10/websocket/jakarta/server/config/JakartaWebSocketServletContainerInitializer done
Event: 2893.485 Loading class org/eclipse/jetty/server/Server
Event: 2893.485 Loading class org/eclipse/jetty/server/Server done
Event: 2893.487 Loading class org/eclipse/jetty/util/Loader
Event: 2893.487 Loading class org/eclipse/jetty/util/Loader done
Event: 2893.493 Loading class org/eclipse/jetty/ee10/webapp/WebAppContext
Event: 2893.493 Loading class org/eclipse/jetty/ee10/webapp/WebAppContext done
Event: 2893.496 Loading class io/undertow/Undertow
Event: 2893.496 Loading class io/undertow/Undertow done
Event: 2893.497 Loading class org/xnio/SslClientAuthMode
Event: 2893.497 Loading class org/xnio/SslClientAuthMode done

Classes unloaded (10 events):
Event: 9.045 Thread 0x00000273fec0c610 Unloading class 0x000002739aad8000 'jdk/internal/reflect/GeneratedSerializationConstructorAccessor6'
Event: 9.045 Thread 0x00000273fec0c610 Unloading class 0x000002739aa7d000 'jdk/internal/reflect/GeneratedSerializationConstructorAccessor5'
Event: 9.045 Thread 0x00000273fec0c610 Unloading class 0x000002739aa7cc00 'jdk/internal/reflect/GeneratedSerializationConstructorAccessor4'
Event: 9.045 Thread 0x00000273fec0c610 Unloading class 0x000002739aa7c800 'jdk/internal/reflect/GeneratedSerializationConstructorAccessor3'
Event: 9.045 Thread 0x00000273fec0c610 Unloading class 0x000002739aa7c400 'jdk/internal/reflect/GeneratedSerializationConstructorAccessor2'
Event: 9.045 Thread 0x00000273fec0c610 Unloading class 0x000002739aa7c000 'jdk/internal/reflect/GeneratedSerializationConstructorAccessor1'
Event: 20.807 Thread 0x00000273fec0c610 Unloading class 0x000002739aad9400 'jdk/internal/reflect/GeneratedSerializationConstructorAccessor8'
Event: 20.807 Thread 0x00000273fec0c610 Unloading class 0x000002739aad9000 'jdk/internal/reflect/GeneratedSerializationConstructorAccessor7'
Event: 29.565 Thread 0x00000273fec0c610 Unloading class 0x000002739adc4400 'java/lang/invoke/LambdaForm$DMH+0x000002739adc4400'
Event: 2612.523 Thread 0x00000273fec0c610 Unloading class 0x000002739adf1800 'java/lang/invoke/LambdaForm$DMH+0x000002739adf1800'

Classes redefined (1 events):
Event: 0.344 Thread 0x00000273fec0c610 redefined class name=java.lang.Throwable, count=1

Internal exceptions (20 events):
Event: 26.262 Thread 0x00000273ea5ab7a0 Exception <a 'java/lang/IncompatibleClassChangeError'{0x0000000706189a08}: Found class java.lang.Object, but interface was expected> (0x0000000706189a08) 
thrown [s\src\hotspot\share\interpreter\linkResolver.cpp, line 826]
Event: 26.321 Thread 0x00000273ea5aad80 Exception <a 'java/lang/reflect/InvocationTargetException'{0x0000000705e3bae8}> (0x0000000705e3bae8) 
thrown [s\src\hotspot\share\runtime\reflection.cpp, line 1128]
Event: 26.322 Thread 0x00000273ea5aad80 Exception <a 'java/lang/reflect/InvocationTargetException'{0x0000000705e3c650}> (0x0000000705e3c650) 
thrown [s\src\hotspot\share\runtime\reflection.cpp, line 1128]
Event: 26.403 Thread 0x00000273ea5ab290 Exception <a 'java/lang/reflect/InvocationTargetException'{0x00000007110d95b0}> (0x00000007110d95b0) 
thrown [s\src\hotspot\share\runtime\reflection.cpp, line 1128]
Event: 26.405 Thread 0x00000273ea5ab290 Exception <a 'java/lang/reflect/InvocationTargetException'{0x00000007110da118}> (0x00000007110da118) 
thrown [s\src\hotspot\share\runtime\reflection.cpp, line 1128]
Event: 26.524 Thread 0x00000273dac6e550 Exception <a 'java/lang/NoSuchMethodError'{0x00000007072a5138}: 'java.lang.Object java.lang.invoke.DirectMethodHandle$Holder.invokeSpecial(java.lang.Object, java.lang.Object, long, java.lang.Object, java.lang.Object, java.lang.Object, java.lang.Object, java.lang.Object, java.lang.Object, java.lang.Object, java.lang.Object, java.lang.Object, java.lang.Object)'> (0x00000007072a5138) 
thrown [s\src\hotspot\share\interpreter\linkResolver.cpp, line 759]
Event: 26.525 Thread 0x00000273dac6e550 Exception <a 'java/lang/NoSuchMethodError'{0x00000007072aa060}: 'java.lang.Object java.lang.invoke.DelegatingMethodHandle$Holder.reinvoke_L(java.lang.Object, long, java.lang.Object, java.lang.Object, java.lang.Object, java.lang.Object, java.lang.Object, java.lang.Object, java.lang.Object, java.lang.Object, java.lang.Object, java.lang.Object)'> (0x00000007072aa060) 
thrown [s\src\hotspot\share\interpreter\linkResolver.cpp, line 759]
Event: 26.528 Thread 0x00000273dac6e550 Exception <a 'java/lang/NoSuchMethodError'{0x000000070733e830}: 'java.lang.Object java.lang.invoke.DirectMethodHandle$Holder.invokeSpecial(java.lang.Object, java.lang.Object, java.lang.Object, java.lang.Object, java.lang.Object, java.lang.Object, java.lang.Object, java.lang.Object, java.lang.Object, java.lang.Object, java.lang.Object, java.lang.Object)'> (0x000000070733e830) 
thrown [s\src\hotspot\share\interpreter\linkResolver.cpp, line 759]
Event: 26.529 Thread 0x00000273dac6e550 Exception <a 'java/lang/NoSuchMethodError'{0x00000007073435e8}: 'java.lang.Object java.lang.invoke.Invokers$Holder.linkToTargetMethod(java.lang.Object, java.lang.Object, java.lang.Object, java.lang.Object, java.lang.Object, java.lang.Object, java.lang.Object, java.lang.Object, java.lang.Object, java.lang.Object, java.lang.Object)'> (0x00000007073435e8) 
thrown [s\src\hotspot\share\interpreter\linkResolver.cpp, line 759]
Event: 27.608 Thread 0x00000273ea5aa870 Exception <a 'java/lang/NoSuchMethodError'{0x0000000706ad1108}: 'java.lang.Object java.lang.invoke.Invokers$Holder.linkToTargetMethod(java.lang.Object, int, java.lang.Object, java.lang.Object, java.lang.Object, java.lang.Object)'> (0x0000000706ad1108) 
thrown [s\src\hotspot\share\interpreter\linkResolver.cpp, line 759]
Event: 27.609 Thread 0x00000273ea5aa870 Exception <a 'java/lang/NoSuchMethodError'{0x0000000706ade530}: 'int java.lang.invoke.DirectMethodHandle$Holder.invokeStatic(java.lang.Object, java.lang.Object, int, java.lang.Object)'> (0x0000000706ade530) 
thrown [s\src\hotspot\share\interpreter\linkResolver.cpp, line 759]
Event: 27.621 Thread 0x00000273ea5ab290 Exception <a 'java/lang/NoSuchMethodError'{0x000000070681de40}: 'void java.lang.invoke.DirectMethodHandle$Holder.invokeSpecial(java.lang.Object, java.lang.Object, java.lang.Object, int, java.lang.Object, java.lang.Object, java.lang.Object)'> (0x000000070681de40) 
thrown [s\src\hotspot\share\interpreter\linkResolver.cpp, line 759]
Event: 29.502 Thread 0x00000273ea5a9940 Exception <a 'java/lang/NoSuchMethodError'{0x0000000705e4d398}: 'java.lang.Object java.lang.invoke.DirectMethodHandle$Holder.newInvokeSpecial(java.lang.Object, long)'> (0x0000000705e4d398) 
thrown [s\src\hotspot\share\interpreter\linkResolver.cpp, line 759]
Event: 2891.865 Thread 0x00000273ea5a70c0 Exception <a 'java/lang/InterruptedException'{0x0000000705b7e1d0}: sleep interrupted> (0x0000000705b7e1d0) 
thrown [s\src\hotspot\share\prims\jvm.cpp, line 3064]
Event: 2891.916 Thread 0x00000273df2ed0b0 Exception <a 'java/lang/NoSuchMethodError'{0x0000000711174e78}: static Lorg/springframework/security/authentication/AbstractAuthenticationToken;.<clinit>()V> (0x0000000711174e78) 
thrown [s\src\hotspot\share\prims\jni.cpp, line 1112]
Event: 2891.926 Thread 0x00000273df2ed0b0 Exception <a 'java/lang/NoSuchMethodError'{0x00000007111e00a8}: static [Ljava/lang/StackTraceElement;.<clinit>()V> (0x00000007111e00a8) 
thrown [s\src\hotspot\share\prims\jni.cpp, line 1112]
Event: 2891.940 Thread 0x00000273e4546110 Exception <a 'java/lang/InterruptedException'{0x000000070ec11930}: sleep interrupted> (0x000000070ec11930) 
thrown [s\src\hotspot\share\prims\jvm.cpp, line 3064]
Event: 2892.075 Thread 0x00000273df2f21b0 Exception <a 'sun/nio/fs/WindowsException'{0x00000007110a7ae0}> (0x00000007110a7ae0) 
thrown [s\src\hotspot\share\prims\jni.cpp, line 516]
Event: 2893.258 Thread 0x00000273df2f21b0 Implicit null exception at 0x000002738803791f to 0x00000273880384bc
Event: 2893.261 Thread 0x00000273df2f21b0 Implicit null exception at 0x0000027387ffeaad to 0x0000027387ffece0

VM Operations (20 events):
Event: 2612.822 Executing VM operation: G1PauseRemark done
Event: 2612.832 Executing VM operation: G1PauseCleanup
Event: 2613.283 Executing VM operation: G1PauseCleanup done
Event: 2720.213 Executing VM operation: Cleanup
Event: 2720.213 Executing VM operation: Cleanup done
Event: 2832.287 Executing VM operation: Cleanup
Event: 2832.287 Executing VM operation: Cleanup done
Event: 2839.348 Executing VM operation: Cleanup
Event: 2839.348 Executing VM operation: Cleanup done
Event: 2871.649 Executing VM operation: Cleanup
Event: 2871.649 Executing VM operation: Cleanup done
Event: 2891.835 Executing VM operation: Cleanup
Event: 2891.835 Executing VM operation: Cleanup done
Event: 2891.875 Executing VM operation: G1CollectForAllocation
Event: 2891.879 Executing VM operation: G1CollectForAllocation done
Event: 2891.940 Executing VM operation: G1CollectFull
Event: 2892.042 Executing VM operation: G1CollectFull done
Event: 2893.051 Executing VM operation: Cleanup
Event: 2893.052 Executing VM operation: Cleanup done
Event: 2894.065 Executing VM operation: Cleanup

Memory protections (0 events):
No events

Nmethod flushes (20 events):
Event: 26.117 Thread 0x00000273da08e350 flushing  nmethod 0x0000027380dd2a10
Event: 26.117 Thread 0x00000273da08e350 flushing  nmethod 0x0000027380dd3510
Event: 26.117 Thread 0x00000273da08e350 flushing  nmethod 0x0000027380dd4c10
Event: 26.117 Thread 0x00000273da08e350 flushing  nmethod 0x0000027380dd5290
Event: 26.117 Thread 0x00000273da08e350 flushing  nmethod 0x0000027380dd5790
Event: 26.117 Thread 0x00000273da08e350 flushing  nmethod 0x0000027380de1590
Event: 26.117 Thread 0x00000273da08e350 flushing  nmethod 0x0000027380de4590
Event: 26.117 Thread 0x00000273da08e350 flushing  nmethod 0x0000027380de4a10
Event: 26.117 Thread 0x00000273da08e350 flushing  nmethod 0x0000027380de4e90
Event: 26.117 Thread 0x00000273da08e350 flushing  nmethod 0x0000027380de6d90
Event: 26.117 Thread 0x00000273da08e350 flushing  nmethod 0x0000027380de7090
Event: 26.117 Thread 0x00000273da08e350 flushing  nmethod 0x0000027380de7510
Event: 26.117 Thread 0x00000273da08e350 flushing  nmethod 0x0000027380de8110
Event: 26.117 Thread 0x00000273da08e350 flushing  nmethod 0x0000027380e0b990
Event: 26.117 Thread 0x00000273da08e350 flushing  nmethod 0x0000027380e0c910
Event: 26.117 Thread 0x00000273da08e350 flushing  nmethod 0x0000027380e0d790
Event: 26.117 Thread 0x00000273da08e350 flushing  nmethod 0x0000027380e10510
Event: 26.117 Thread 0x00000273da08e350 flushing  nmethod 0x0000027380e20290
Event: 26.117 Thread 0x00000273da08e350 flushing  nmethod 0x0000027380e28f90
Event: 2119.388 Thread 0x00000273da08e350 flushing  nmethod 0x0000027380d4ac10

Events (20 events):
Event: 2891.883 Thread 0x00000273df2f30e0 Thread exited: 0x00000273df2f30e0
Event: 2891.895 Thread 0x00000273df2ed0b0 Thread added: 0x00000273df2f30e0
Event: 2891.896 Thread 0x00000273e6188560 Thread exited: 0x00000273e6188560
Event: 2891.898 Thread 0x00000273df2f30e0 Thread exited: 0x00000273df2f30e0
Event: 2891.939 Thread 0x00000273e4544cd0 Thread exited: 0x00000273e4544cd0
Event: 2891.939 Thread 0x00000273e45456f0 Thread exited: 0x00000273e45456f0
Event: 2891.940 Thread 0x00000273e4546110 Thread exited: 0x00000273e4546110
Event: 2892.047 Thread 0x00000273df2ed0b0 Thread added: 0x00000273df2f30e0
Event: 2892.047 Thread 0x00000273df2f30e0 Thread exited: 0x00000273df2f30e0
Event: 2892.048 Thread 0x00000273df2ed0b0 Thread added: 0x00000273df2f21b0
Event: 2892.081 Thread 0x00000273da0be600 Thread added: 0x00000273e2f91b60
Event: 2892.090 Thread 0x00000273da08f9e0 Thread added: 0x00000273e2f92600
Event: 2892.227 Thread 0x00000273df2f21b0 Thread added: 0x00000273df2f26c0
Event: 2892.879 Thread 0x00000273df2f4520 Thread exited: 0x00000273df2f4520
Event: 2893.241 Thread 0x00000273e2f91b60 Thread exited: 0x00000273e2f91b60
Event: 2893.241 Thread 0x00000273e2f92600 Thread exited: 0x00000273e2f92600
Event: 2893.246 Thread 0x00000273da0be600 Thread added: 0x00000273e2f91b60
Event: 2893.246 Thread 0x00000273da0be600 Thread added: 0x00000273e2f92600
Event: 2893.309 Thread 0x00000273df2f21b0 Thread added: 0x00000273df2f3b00
Event: 2893.365 Thread 0x00000273df2f3b00 Thread exited: 0x00000273df2f3b00


Dynamic libraries:
0x00007ff6c1fd0000 - 0x00007ff6c1fde000 	C:\Users\andre\.jdks\liberica-full-17.0.13\bin\java.exe
0x00007ffdc9dc0000 - 0x00007ffdca025000 	C:\WINDOWS\SYSTEM32\ntdll.dll
0x00007ffdc8a40000 - 0x00007ffdc8b09000 	C:\WINDOWS\System32\KERNEL32.DLL
0x00007ffdc7370000 - 0x00007ffdc7758000 	C:\WINDOWS\System32\KERNELBASE.dll
0x00007ffdc78e0000 - 0x00007ffdc7a2b000 	C:\WINDOWS\System32\ucrtbase.dll
0x00007ffda5a50000 - 0x00007ffda5a67000 	C:\Users\andre\.jdks\liberica-full-17.0.13\bin\jli.dll
0x00007ffda0c90000 - 0x00007ffda0cab000 	C:\Users\andre\.jdks\liberica-full-17.0.13\bin\VCRUNTIME140.dll
0x00007ffdc9a30000 - 0x00007ffdc9bfa000 	C:\WINDOWS\System32\USER32.dll
0x00007ffdc6fd0000 - 0x00007ffdc6ff7000 	C:\WINDOWS\System32\win32u.dll
0x00007ffda8f40000 - 0x00007ffda91da000 	C:\WINDOWS\WinSxS\amd64_microsoft.windows.common-controls_6595b64144ccf1df_6.0.26100.4202_none_3e0698d4e335f517\COMCTL32.dll
0x00007ffdc8110000 - 0x00007ffdc81b9000 	C:\WINDOWS\System32\msvcrt.dll
0x00007ffdc8200000 - 0x00007ffdc822b000 	C:\WINDOWS\System32\GDI32.dll
0x00007ffdc70b0000 - 0x00007ffdc71e7000 	C:\WINDOWS\System32\gdi32full.dll
0x00007ffdc7000000 - 0x00007ffdc70a3000 	C:\WINDOWS\System32\msvcp_win.dll
0x00007ffdc81c0000 - 0x00007ffdc81f0000 	C:\WINDOWS\System32\IMM32.DLL
0x00007ffdaf1c0000 - 0x00007ffdaf1cc000 	C:\Users\andre\.jdks\liberica-full-17.0.13\bin\vcruntime140_1.dll
0x00007ffd8edd0000 - 0x00007ffd8ee5e000 	C:\Users\andre\.jdks\liberica-full-17.0.13\bin\msvcp140.dll
0x00007ffd55530000 - 0x00007ffd561a0000 	C:\Users\andre\.jdks\liberica-full-17.0.13\bin\server\jvm.dll
0x00007ffdc92f0000 - 0x00007ffdc93a3000 	C:\WINDOWS\System32\ADVAPI32.dll
0x00007ffdc7bc0000 - 0x00007ffdc7c66000 	C:\WINDOWS\System32\sechost.dll
0x00007ffdc88d0000 - 0x00007ffdc89e5000 	C:\WINDOWS\System32\RPCRT4.dll
0x00007ffdc7f90000 - 0x00007ffdc8004000 	C:\WINDOWS\System32\WS2_32.dll
0x00007ffdc6d60000 - 0x00007ffdc6dbe000 	C:\WINDOWS\SYSTEM32\POWRPROF.dll
0x00007ffdbd5c0000 - 0x00007ffdbd5f5000 	C:\WINDOWS\SYSTEM32\WINMM.dll
0x00007ffdc0d30000 - 0x00007ffdc0d3b000 	C:\WINDOWS\SYSTEM32\VERSION.dll
0x00007ffdc6d40000 - 0x00007ffdc6d54000 	C:\WINDOWS\SYSTEM32\UMPDC.dll
0x00007ffdc5c60000 - 0x00007ffdc5c7b000 	C:\WINDOWS\SYSTEM32\kernel.appcore.dll
0x00007ffdaf080000 - 0x00007ffdaf08a000 	C:\Users\andre\.jdks\liberica-full-17.0.13\bin\jimage.dll
0x00007ffdbc0c0000 - 0x00007ffdbc301000 	C:\WINDOWS\SYSTEM32\DBGHELP.DLL
0x00007ffdc83e0000 - 0x00007ffdc8765000 	C:\WINDOWS\System32\combase.dll
0x00007ffdc87e0000 - 0x00007ffdc88c1000 	C:\WINDOWS\System32\OLEAUT32.dll
0x00007ffda40e0000 - 0x00007ffda4119000 	C:\WINDOWS\SYSTEM32\dbgcore.DLL
0x00007ffdc7ac0000 - 0x00007ffdc7b59000 	C:\WINDOWS\System32\bcryptPrimitives.dll
0x00007ffd80590000 - 0x00007ffd805cb000 	C:\Users\andre\.jdks\liberica-full-17.0.13\bin\jdwp.dll
0x00007ffda6de0000 - 0x00007ffda6dee000 	C:\Users\andre\.jdks\liberica-full-17.0.13\bin\instrument.dll
0x00007ffda0030000 - 0x00007ffda0055000 	C:\Users\andre\.jdks\liberica-full-17.0.13\bin\java.dll
0x00007ffd9fbe0000 - 0x00007ffd9fbf8000 	C:\Users\andre\.jdks\liberica-full-17.0.13\bin\zip.dll
0x00007ffd8ecf0000 - 0x00007ffd8edc7000 	C:\Users\andre\.jdks\liberica-full-17.0.13\bin\jsvml.dll
0x00007ffdc8b10000 - 0x00007ffdc9252000 	C:\WINDOWS\System32\SHELL32.dll
0x00007ffdc71f0000 - 0x00007ffdc7364000 	C:\WINDOWS\System32\wintypes.dll
0x00007ffdc4b20000 - 0x00007ffdc5378000 	C:\WINDOWS\SYSTEM32\windows.storage.dll
0x00007ffdc7ce0000 - 0x00007ffdc7dd1000 	C:\WINDOWS\System32\SHCORE.dll
0x00007ffdc8770000 - 0x00007ffdc87da000 	C:\WINDOWS\System32\shlwapi.dll
0x00007ffdc6e20000 - 0x00007ffdc6e4f000 	C:\WINDOWS\SYSTEM32\profapi.dll
0x00007ffd95780000 - 0x00007ffd9578c000 	C:\Users\andre\.jdks\liberica-full-17.0.13\bin\dt_socket.dll
0x00007ffdc5670000 - 0x00007ffdc56a3000 	C:\WINDOWS\SYSTEM32\IPHLPAPI.DLL
0x00007ffdc61b0000 - 0x00007ffdc621a000 	C:\WINDOWS\system32\mswsock.dll
0x00007ffd95740000 - 0x00007ffd95759000 	C:\Users\andre\.jdks\liberica-full-17.0.13\bin\net.dll
0x00007ffdc0e00000 - 0x00007ffdc0f1e000 	C:\WINDOWS\SYSTEM32\WINHTTP.dll
0x00007ffd95720000 - 0x00007ffd95736000 	C:\Users\andre\.jdks\liberica-full-17.0.13\bin\nio.dll
0x00007ffda0020000 - 0x00007ffda002a000 	C:\Users\andre\.jdks\liberica-full-17.0.13\bin\management.dll
0x00007ffd9fcb0000 - 0x00007ffd9fcbb000 	C:\Users\andre\.jdks\liberica-full-17.0.13\bin\management_ext.dll
0x00007ffdc7cd0000 - 0x00007ffdc7cd8000 	C:\WINDOWS\System32\PSAPI.DLL
0x00007ffdc93b0000 - 0x00007ffdc93ba000 	C:\WINDOWS\System32\NSI.dll
0x00007ffdc0dd0000 - 0x00007ffdc0def000 	C:\WINDOWS\SYSTEM32\dhcpcsvc6.DLL
0x00007ffdc0da0000 - 0x00007ffdc0dc5000 	C:\WINDOWS\SYSTEM32\dhcpcsvc.DLL
0x00007ffdc5700000 - 0x00007ffdc5827000 	C:\WINDOWS\SYSTEM32\DNSAPI.dll
0x00007ffd9ace0000 - 0x00007ffd9acee000 	C:\Users\andre\.jdks\liberica-full-17.0.13\bin\sunmscapi.dll
0x00007ffdc7760000 - 0x00007ffdc78d7000 	C:\WINDOWS\System32\CRYPT32.dll
0x00007ffdc6710000 - 0x00007ffdc6740000 	C:\WINDOWS\SYSTEM32\ncrypt.dll
0x00007ffdc66c0000 - 0x00007ffdc66ff000 	C:\WINDOWS\SYSTEM32\NTASN1.dll
0x00007ffdc6590000 - 0x00007ffdc65ab000 	C:\WINDOWS\SYSTEM32\CRYPTSP.dll
0x00007ffdc5bc0000 - 0x00007ffdc5bfa000 	C:\WINDOWS\system32\rsaenh.dll
0x00007ffdc6250000 - 0x00007ffdc627b000 	C:\WINDOWS\SYSTEM32\USERENV.dll
0x00007ffdc6df0000 - 0x00007ffdc6e16000 	C:\WINDOWS\SYSTEM32\bcrypt.dll
0x00007ffdc63f0000 - 0x00007ffdc63fc000 	C:\WINDOWS\SYSTEM32\CRYPTBASE.dll
0x00007ffdbea60000 - 0x00007ffdbea6b000 	C:\Windows\System32\rasadhlp.dll
0x00007ffdbff20000 - 0x00007ffdbffa6000 	C:\WINDOWS\System32\fwpuclnt.dll
0x00007ffd9bc70000 - 0x00007ffd9bc79000 	C:\Users\andre\.jdks\liberica-full-17.0.13\bin\extnet.dll
0x00007ffda6cf0000 - 0x00007ffda6d00000 	C:\Users\andre\.jdks\liberica-full-17.0.13\bin\verify.dll
0x00007ffda0ec0000 - 0x00007ffda0ec8000 	C:\WINDOWS\system32\wshunix.dll

dbghelp: loaded successfully - version: 4.0.5 - missing functions: none
symbol engine: initialized successfully - sym options: 0x614 - pdb path: .;C:\Users\andre\.jdks\liberica-full-17.0.13\bin;C:\WINDOWS\SYSTEM32;C:\WINDOWS\WinSxS\amd64_microsoft.windows.common-controls_6595b64144ccf1df_6.0.26100.4202_none_3e0698d4e335f517;C:\Users\andre\.jdks\liberica-full-17.0.13\bin\server

VM Arguments:
jvm_args: -Ddebugger.agent.enable.coroutines=true -Dkotlinx.coroutines.debug.enable.creation.stack.trace=false -Dkotlinx.coroutines.debug.enable.flows.stack.trace=true -Dkotlinx.coroutines.debug.enable.mutable.state.flows.stack.trace=true -agentlib:jdwp=transport=dt_socket,server=n,suspend=y,address=127.0.0.1:64894 -javaagent:C:\Users\andre\AppData\Local\JetBrains\IntelliJIdea2024.3\captureAgent\debugger-agent.jar=file:/C:/Users/andre/AppData/Local/Temp/capture39434.props -Dfile.encoding=UTF-8 -Duser.country=RU -Duser.language=ru -Duser.variant 
java_command: org.userservice.UserServiceApplication
java_class_path (initial): C:\Spring\Astro-Shop.backend\user-service\build\classes\java\main;C:\Spring\Astro-Shop.backend\user-service\build\resources\main;C:\Users\andre\.gradle\caches\modules-2\files-2.1\org.springframework.boot\spring-boot-devtools\3.4.5\e550ba7011bb36dde3cafb1d1d88b655657bf2e2\spring-boot-devtools-3.4.5.jar;C:\Users\andre\.gradle\caches\modules-2\files-2.1\org.springframework.boot\spring-boot-starter-data-jdbc\3.4.5\2fc7c7118920169bb834e714e8045276d4dc876a\spring-boot-starter-data-jdbc-3.4.5.jar;C:\Users\andre\.gradle\caches\modules-2\files-2.1\org.springframework.boot\spring-boot-starter-data-jpa\3.4.5\c6ef06dfef1b02f3e3f82d67118d3944672e7d49\spring-boot-starter-data-jpa-3.4.5.jar;C:\Users\andre\.gradle\caches\modules-2\files-2.1\org.springframework.boot\spring-boot-starter-jdbc\3.4.5\e361f635454d0694547cc226ece3aa10fde7ff2b\spring-boot-starter-jdbc-3.4.5.jar;C:\Users\andre\.gradle\caches\modules-2\files-2.1\org.springframework.boot\spring-boot-starter-oauth2-client\3.4.5\694947a954ed9f25873f5f391cb91a30bb933522\spring-boot-starter-oauth2-client-3.4.5.jar;C:\Users\andre\.gradle\caches\modules-2\files-2.1\org.springframework.boot\spring-boot-starter-security\3.4.5\1893f9d40f28cc47a87a3478b02e1e45650bfe43\spring-boot-starter-security-3.4.5.jar;C:\Users\andre\.gradle\caches\modules-2\files-2.1\org.springframework.boot\spring-boot-starter-oauth2-authorization-server\3.4.5\86579a80cdbe533f7b459279244e93fe19190a2a\spring-boot-starter-oauth2-authorization-server-3.4.5.jar;C:\Users\andre\.gradle\caches\modules-2\files-2.1\com.vladmihalcea\hibernate-types-60\2.21.1\28c37c89e0dac045737247499dc2ce85ba6c776a\hibernate-types-60-2.21.1.jar;C:\Users\andre\.gradle\caches\modules-2\files-2.1\org.springframework.boot\spring-boot-starter-oauth2-resource-server\3.4.5\b0122fa56342e3ebaabf2095db26ec6ec85c6029\spring-boot-starter-oauth2-resource-server-3.4.5.jar;C:\Users\andre\.gradle\caches\modules-2\files-2.1\org.springdoc\springdoc-openapi-starter-webmvc-ui\2.5.
Launcher Type: SUN_STANDARD

[Global flags]
     intx CICompilerCount                          = 4                                         {product} {ergonomic}
     uint ConcGCThreads                            = 3                                         {product} {ergonomic}
     uint G1ConcRefinementThreads                  = 10                                        {product} {ergonomic}
   size_t G1HeapRegionSize                         = 2097152                                   {product} {ergonomic}
    uintx GCDrainStackTargetSize                   = 64                                        {product} {ergonomic}
   size_t InitialHeapSize                          = 268435456                                 {product} {ergonomic}
   size_t MarkStackSize                            = 4194304                                   {product} {ergonomic}
   size_t MaxHeapSize                              = 4276092928                                {product} {ergonomic}
   size_t MaxNewSize                               = 2564816896                                {product} {ergonomic}
   size_t MinHeapDeltaBytes                        = 2097152                                   {product} {ergonomic}
   size_t MinHeapSize                              = 8388608                                   {product} {ergonomic}
    uintx NonNMethodCodeHeapSize                   = 5839372                                {pd product} {ergonomic}
    uintx NonProfiledCodeHeapSize                  = 122909434                              {pd product} {ergonomic}
    uintx ProfiledCodeHeapSize                     = 122909434                              {pd product} {ergonomic}
    uintx ReservedCodeCacheSize                    = 251658240                              {pd product} {ergonomic}
     bool SegmentedCodeCache                       = true                                      {product} {ergonomic}
   size_t SoftMaxHeapSize                          = 4276092928                             {manageable} {ergonomic}
     bool UseCompressedClassPointers               = true                           {product lp64_product} {ergonomic}
     bool UseCompressedOops                        = true                           {product lp64_product} {ergonomic}
     bool UseG1GC                                  = true                                      {product} {ergonomic}
     bool UseLargePagesIndividualAllocation        = false                                  {pd product} {ergonomic}

Logging:
Log output configuration:
 #0: stdout all=warning uptime,level,tags
 #1: stderr all=off uptime,level,tags

Environment Variables:
JAVA_HOME=C:\Users\andre\.jdks\liberica-full-21.0.6
PATH=C:\Users\andre\.jdks\liberica-full-21.0.6\bin;C:\Program Files\BellSoft\LibericaJDK-8-Full\bin\;C:\Program Files\Eclipse Adoptium\jdk-17.0.13.11-hotspot\bin;C:\Program Files\Eclipse Adoptium\jre-11.0.25.9-hotspot\bin;C:\Program Files\Eclipse Adoptium\jdk-11.0.25.9-hotspot\bin;C:\Program Files\Eclipse Adoptium\jdk-8.0.432.6-hotspot\bin;C:\Program Files\Zulu\zulu-8\bin\;C:\Program Files\PlasticSCM5\server;C:\Program Files\PlasticSCM5\client;C:\Program Files\BellSoft\LibericaJDK-8\bin\;C:\Program Files (x86)\Common Files\Oracle\Java\javapath;C:\WINDOWS\system32;C:\WINDOWS;C:\WINDOWS\System32\Wbem;C:\WINDOWS\System32\WindowsPowerShell\v1.0\;C:\WINDOWS\System32\OpenSSH\;C:\Program Files\NVIDIA Corporation\NVIDIA app\NvDLISR;C:\Program Files (x86)\NVIDIA Corporation\PhysX\Common;C:\Program Files\Git\cmd;C:\Program Files\Docker\Docker\resources\bin;C:\Program Files\RabbitMQ Server\rabbitmq_server-4.0.8\sbin;D:\Download\Apache24\bin;C:\Program Files\nodejs\;C:\Users\andre\AppData\Local\Microsoft\WindowsApps;C:\Program Files\JetBrains\IntelliJ IDEA 2024.3\bin;;C:\Users\andre\AppData\Local\GitHubDesktop\bin;C:\Program Files\JetBrains\JetBrains Rider 2024.3.2\bin;;C:\Users\andre\.fly\bin;C:\Users\andre\AppData\Roaming\npm;D:\WebStorm 2025.1\bin;;C:\Users\andre\AppData\Local\Programs\cursor\resources\app\bin
USERNAME=
OS=Windows_NT
PROCESSOR_IDENTIFIER=AMD64 Family 25 Model 33 Stepping 2, AuthenticAMD
TMP=C:\Users\andre\AppData\Local\Temp
TEMP=C:\Users\andre\AppData\Local\Temp



Periodic native trim disabled


---------------  S Y S T E M  ---------------

OS:
 Windows 11 , 64 bit Build 26100 (10.0.26100.4202)
OS uptime: 0 days 9:50 hours
Hyper-V role detected

CPU: total 12 (initial active 12) (12 cores per cpu, 2 threads per core) family 25 model 33 stepping 2 microcode 0xa20120e, cx8, cmov, fxsr, ht, mmx, 3dnowpref, sse, sse2, sse3, ssse3, sse4a, sse4.1, sse4.2, popcnt, lzcnt, tsc, tscinvbit, avx, avx2, aes, clmul, bmi1, bmi2, adx, sha, fma, vzeroupper, clflush, clflushopt, hv
Processor Information for all 12 processors :
  Max Mhz: 3501, Current Mhz: 3501, Mhz Limit: 3501

Memory: 4k page, system-wide physical 16309M (3505M free)
TotalPageFile size 36309M (AvailPageFile size 6M)
current process WorkingSet (physical memory assigned to process): 351M, peak: 486M
current process commit charge ("private bytes"): 518M, peak: 526M

vm_info: OpenJDK 64-Bit Server VM (17.0.13+12-LTS) for windows-amd64 JRE (17.0.13+12-LTS), built on Oct 10 2024 10:52:45 by "" with MS VC++ 17.1 (VS2022)

END.
