#
# There is insufficient memory for the Java Runtime Environment to continue.
# Native memory allocation (malloc) failed to allocate 2090720 bytes. Error detail: Chunk::new
# Possible reasons:
#   The system is out of physical RAM or swap space
#   This process is running with CompressedOops enabled, and the Java Heap may be blocking the growth of the native heap
# Possible solutions:
#   Reduce memory load on the system
#   Increase physical memory or swap space
#   Check if swap backing store is full
#   Decrease Java heap size (-Xmx/-Xms)
#   Decrease number of Java threads
#   Decrease Java thread stack sizes (-Xss)
#   Set larger code cache with -XX:ReservedCodeCacheSize=
#   JVM is running with Unscaled Compressed Oops mode in which the Java heap is
#     placed in the first 4GB address space. The Java Heap base address is the
#     maximum limit for the native heap growth. Please use -XX:HeapBaseMinAddress
#     to set the Java Heap base and to place the Java Heap above 4GB virtual address.
# This output file may be truncated or incomplete.
#
#  Out of Memory Error (arena.cpp:191), pid=28528, tid=28864
#
# JRE version: OpenJDK Runtime Environment (17.0.13+12) (build 17.0.13+12-LTS)
# Java VM: OpenJDK 64-Bit Server VM (17.0.13+12-LTS, mixed mode, sharing, tiered, compressed oops, compressed class ptrs, g1 gc, windows-amd64)
# No core dump will be written. Minidumps are not enabled by default on client versions of Windows
#

---------------  S U M M A R Y ------------

Command Line: --add-opens=java.base/java.lang=ALL-UNNAMED --add-opens=java.base/java.lang.invoke=ALL-UNNAMED --add-opens=java.base/java.util=ALL-UNNAMED --add-opens=java.prefs/java.util.prefs=ALL-UNNAMED --add-exports=jdk.compiler/com.sun.tools.javac.api=ALL-UNNAMED --add-exports=jdk.compiler/com.sun.tools.javac.util=ALL-UNNAMED --add-opens=java.base/java.util=ALL-UNNAMED --add-opens=java.prefs/java.util.prefs=ALL-UNNAMED --add-opens=java.base/java.nio.charset=ALL-UNNAMED --add-opens=java.base/java.net=ALL-UNNAMED --add-opens=java.base/java.util.concurrent.atomic=ALL-UNNAMED --add-opens=java.xml/javax.xml.namespace=ALL-UNNAMED -XX:MaxMetaspaceSize=384m -XX:+HeapDumpOnOutOfMemoryError -Xms256m -Xmx512m -Dfile.encoding=UTF-8 -Duser.country=RU -Duser.language=ru -Duser.variant -javaagent:C:\Users\andre\.gradle\wrapper\dists\gradle-8.13-bin\5xuhj0ry160q40clulazy9h7d\gradle-8.13\lib\agents\gradle-instrumentation-agent-8.13.jar org.gradle.launcher.daemon.bootstrap.GradleDaemon 8.13

Host: AMD Ryzen 5 5600 6-Core Processor              , 12 cores, 15G,  Windows 11 , 64 bit Build 26100 (10.0.26100.4202)
Time: Tue Jul  1 23:47:43 2025 RTZ 2 (s 11 , 64 bit Build 26100 (10.0.26100.4202) elapsed time: 11.200378 seconds (0d 0h 0m 11s)

---------------  T H R E A D  ---------------

Current thread (0x000002b76586be60):  JavaThread "C2 CompilerThread0" daemon [_thread_in_native, id=28864, stack(0x000000f8b1b00000,0x000000f8b1c00000)]


Current CompileTask:
C2:  11200 5105       4       org.gradle.internal.service.DefaultServiceRegistry$ClassInspector::getDetailsForClass (50 bytes)

Stack: [0x000000f8b1b00000,0x000000f8b1c00000]
Native frames: (J=compiled Java code, j=interpreted, Vv=VM code, C=native code)
V  [jvm.dll+0x680aa9]
V  [jvm.dll+0x837ce8]
V  [jvm.dll+0x8397ae]
V  [jvm.dll+0x839e13]
V  [jvm.dll+0x2489df]
V  [jvm.dll+0xac7e4]
V  [jvm.dll+0xace3c]
V  [jvm.dll+0x366e6e]
V  [jvm.dll+0x3313e8]
V  [jvm.dll+0x33087a]
V  [jvm.dll+0x21a8df]
V  [jvm.dll+0x219d21]
V  [jvm.dll+0x1a5b90]
V  [jvm.dll+0x229b99]
V  [jvm.dll+0x227d1b]
V  [jvm.dll+0x7ecce8]
V  [jvm.dll+0x7e707c]
V  [jvm.dll+0x67f977]
C  [ucrtbase.dll+0x37b0]
C  [KERNEL32.DLL+0x2e8d7]
C  [ntdll.dll+0x3c34c]


---------------  P R O C E S S  ---------------

Threads class SMR info:
_java_thread_list=0x000002b704b64ee0, length=48, elements={
0x000002b748d15a20, 0x000002b765851390, 0x000002b765854270, 0x000002b7658677e0,
0x000002b76586a0c0, 0x000002b76586a990, 0x000002b76586b260, 0x000002b76586be60,
0x000002b76586d830, 0x000002b76599e860, 0x000002b76583a8b0, 0x000002b765b50920,
0x000002b77f1fa3b0, 0x000002b77f2f86f0, 0x000002b7014ea5e0, 0x000002b7014dc260,
0x000002b7015c0840, 0x000002b701753150, 0x000002b701752730, 0x000002b701753660,
0x000002b701754080, 0x000002b701753b70, 0x000002b701754590, 0x000002b701751800,
0x000002b7017512f0, 0x000002b701754aa0, 0x000002b701752220, 0x000002b701752c40,
0x000002b70241eec0, 0x000002b70241cb50, 0x000002b70241d570, 0x000002b70241df90,
0x000002b702420300, 0x000002b70241da80, 0x000002b70241e9b0, 0x000002b70241f8e0,
0x000002b70241f3d0, 0x000002b70241fdf0, 0x000002b700a677b0, 0x000002b700a69610,
0x000002b700a67cc0, 0x000002b700a66880, 0x000002b700a681d0, 0x000002b700a66d90,
0x000002b700a68bf0, 0x000002b700a69100, 0x000002b700a686e0, 0x000002b700a66370
}

Java Threads: ( => current thread )
  0x000002b748d15a20 JavaThread "main" [_thread_blocked, id=29616, stack(0x000000f8b0e00000,0x000000f8b0f00000)]
  0x000002b765851390 JavaThread "Reference Handler" daemon [_thread_blocked, id=15312, stack(0x000000f8b1500000,0x000000f8b1600000)]
  0x000002b765854270 JavaThread "Finalizer" daemon [_thread_blocked, id=26896, stack(0x000000f8b1600000,0x000000f8b1700000)]
  0x000002b7658677e0 JavaThread "Signal Dispatcher" daemon [_thread_blocked, id=10216, stack(0x000000f8b1700000,0x000000f8b1800000)]
  0x000002b76586a0c0 JavaThread "Attach Listener" daemon [_thread_blocked, id=29168, stack(0x000000f8b1800000,0x000000f8b1900000)]
  0x000002b76586a990 JavaThread "Service Thread" daemon [_thread_blocked, id=29212, stack(0x000000f8b1900000,0x000000f8b1a00000)]
  0x000002b76586b260 JavaThread "Monitor Deflation Thread" daemon [_thread_blocked, id=20452, stack(0x000000f8b1a00000,0x000000f8b1b00000)]
=>0x000002b76586be60 JavaThread "C2 CompilerThread0" daemon [_thread_in_native, id=28864, stack(0x000000f8b1b00000,0x000000f8b1c00000)]
  0x000002b76586d830 JavaThread "C1 CompilerThread0" daemon [_thread_blocked, id=22240, stack(0x000000f8b1c00000,0x000000f8b1d00000)]
  0x000002b76599e860 JavaThread "Sweeper thread" daemon [_thread_blocked, id=16008, stack(0x000000f8b1d00000,0x000000f8b1e00000)]
  0x000002b76583a8b0 JavaThread "Common-Cleaner" daemon [_thread_blocked, id=28652, stack(0x000000f8b1e00000,0x000000f8b1f00000)]
  0x000002b765b50920 JavaThread "Notification Thread" daemon [_thread_blocked, id=27352, stack(0x000000f8b1f00000,0x000000f8b2000000)]
  0x000002b77f1fa3b0 JavaThread "Daemon health stats" [_thread_blocked, id=29160, stack(0x000000f8b2200000,0x000000f8b2300000)]
  0x000002b77f2f86f0 JavaThread "Incoming local TCP Connector on port 50748" [_thread_in_native, id=21048, stack(0x000000f8b2800000,0x000000f8b2900000)]
  0x000002b7014ea5e0 JavaThread "Daemon periodic checks" [_thread_blocked, id=22076, stack(0x000000f8b2900000,0x000000f8b2a00000)]
  0x000002b7014dc260 JavaThread "Daemon" [_thread_blocked, id=27000, stack(0x000000f8b2a00000,0x000000f8b2b00000)]
  0x000002b7015c0840 JavaThread "Handler for socket connection from /127.0.0.1:50748 to /127.0.0.1:50749" [_thread_in_native, id=25204, stack(0x000000f8b2b00000,0x000000f8b2c00000)]
  0x000002b701753150 JavaThread "Cancel handler" [_thread_blocked, id=24932, stack(0x000000f8b2c00000,0x000000f8b2d00000)]
  0x000002b701752730 JavaThread "Daemon worker" [_thread_in_native, id=27960, stack(0x000000f8b2d00000,0x000000f8b2e00000)]
  0x000002b701753660 JavaThread "Asynchronous log dispatcher for DefaultDaemonConnection: socket connection from /127.0.0.1:50748 to /127.0.0.1:50749" [_thread_blocked, id=4792, stack(0x000000f8b2e00000,0x000000f8b2f00000)]
  0x000002b701754080 JavaThread "Stdin handler" [_thread_blocked, id=12504, stack(0x000000f8b2f00000,0x000000f8b3000000)]
  0x000002b701753b70 JavaThread "Daemon client event forwarder" [_thread_blocked, id=29108, stack(0x000000f8b3000000,0x000000f8b3100000)]
  0x000002b701754590 JavaThread "Cache worker for journal cache (C:\Users\andre\.gradle\caches\journal-1)" [_thread_blocked, id=26512, stack(0x000000f8b3100000,0x000000f8b3200000)]
  0x000002b701751800 JavaThread "File lock request listener" [_thread_in_native, id=8944, stack(0x000000f8b3200000,0x000000f8b3300000)]
  0x000002b7017512f0 JavaThread "Cache worker for file hash cache (C:\Users\andre\.gradle\caches\8.13\fileHashes)" [_thread_blocked, id=29604, stack(0x000000f8b2100000,0x000000f8b2200000)]
  0x000002b701754aa0 JavaThread "File lock release action executor" [_thread_blocked, id=12128, stack(0x000000f8b3300000,0x000000f8b3400000)]
  0x000002b701752220 JavaThread "Cache worker for file hash cache (C:\Spring\Astro-Shop.backend\product-service\.gradle\8.13\fileHashes)" [_thread_blocked, id=26992, stack(0x000000f8b3600000,0x000000f8b3700000)]
  0x000002b701752c40 JavaThread "Cache worker for Build Output Cleanup Cache (C:\Spring\Astro-Shop.backend\product-service\.gradle\buildOutputCleanup)" [_thread_blocked, id=26120, stack(0x000000f8b3500000,0x000000f8b3600000)]
  0x000002b70241eec0 JavaThread "File watcher server" daemon [_thread_in_native, id=3396, stack(0x000000f8b3d00000,0x000000f8b3e00000)]
  0x000002b70241cb50 JavaThread "File watcher consumer" daemon [_thread_blocked, id=24184, stack(0x000000f8b3e00000,0x000000f8b3f00000)]
  0x000002b70241d570 JavaThread "jar transforms" [_thread_blocked, id=9144, stack(0x000000f8b3f00000,0x000000f8b4000000)]
  0x000002b70241df90 JavaThread "jar transforms Thread 2" [_thread_blocked, id=25272, stack(0x000000f8b4000000,0x000000f8b4100000)]
  0x000002b702420300 JavaThread "Cache worker for checksums cache (C:\Spring\Astro-Shop.backend\product-service\.gradle\8.13\checksums)" [_thread_blocked, id=7820, stack(0x000000f8b4200000,0x000000f8b4300000)]
  0x000002b70241da80 JavaThread "Cache worker for file content cache (C:\Users\andre\.gradle\caches\8.13\fileContent)" [_thread_blocked, id=22452, stack(0x000000f8b4300000,0x000000f8b4400000)]
  0x000002b70241e9b0 JavaThread "jar transforms Thread 3" [_thread_blocked, id=23792, stack(0x000000f8b4400000,0x000000f8b4500000)]
  0x000002b70241f8e0 JavaThread "Cache worker for cache directory md-supplier (C:\Users\andre\.gradle\caches\8.13\md-supplier)" [_thread_blocked, id=10624, stack(0x000000f8b4500000,0x000000f8b4600000)]
  0x000002b70241f3d0 JavaThread "Cache worker for cache directory md-rule (C:\Users\andre\.gradle\caches\8.13\md-rule)" [_thread_blocked, id=16968, stack(0x000000f8b4600000,0x000000f8b4700000)]
  0x000002b70241fdf0 JavaThread "Unconstrained build operations" [_thread_blocked, id=26532, stack(0x000000f8b4700000,0x000000f8b4800000)]
  0x000002b700a677b0 JavaThread "Unconstrained build operations Thread 2" [_thread_blocked, id=26560, stack(0x000000f8b4800000,0x000000f8b4900000)]
  0x000002b700a69610 JavaThread "jar transforms Thread 4" [_thread_blocked, id=27764, stack(0x000000f8b4900000,0x000000f8b4a00000)]
  0x000002b700a67cc0 JavaThread "jar transforms Thread 5" [_thread_blocked, id=26708, stack(0x000000f8b4a00000,0x000000f8b4b00000)]
  0x000002b700a66880 JavaThread "Unconstrained build operations Thread 3" [_thread_blocked, id=25948, stack(0x000000f8b4b00000,0x000000f8b4c00000)]
  0x000002b700a681d0 JavaThread "Unconstrained build operations Thread 4" [_thread_blocked, id=15736, stack(0x000000f8b4c00000,0x000000f8b4d00000)]
  0x000002b700a66d90 JavaThread "Unconstrained build operations Thread 5" [_thread_blocked, id=2708, stack(0x000000f8b4d00000,0x000000f8b4e00000)]
  0x000002b700a68bf0 JavaThread "Unconstrained build operations Thread 6" [_thread_blocked, id=4340, stack(0x000000f8b4e00000,0x000000f8b4f00000)]
  0x000002b700a69100 JavaThread "jar transforms Thread 6" [_thread_blocked, id=24432, stack(0x000000f8b4f00000,0x000000f8b5000000)]
  0x000002b700a686e0 JavaThread "jar transforms Thread 7" [_thread_blocked, id=26656, stack(0x000000f8b5000000,0x000000f8b5100000)]
  0x000002b700a66370 JavaThread "jar transforms Thread 8" [_thread_blocked, id=29004, stack(0x000000f8b5100000,0x000000f8b5200000)]

Other Threads:
  0x000002b76584c390 VMThread "VM Thread" [stack: 0x000000f8b1400000,0x000000f8b1500000] [id=15252]
  0x000002b765ace3f0 WatcherThread [stack: 0x000000f8b2000000,0x000000f8b2100000] [id=20896]
  0x000002b748d433f0 GCTaskThread "GC Thread#0" [stack: 0x000000f8b0f00000,0x000000f8b1000000] [id=12108]
  0x000002b77f2c20b0 GCTaskThread "GC Thread#1" [stack: 0x000000f8b2300000,0x000000f8b2400000] [id=8288]
  0x000002b77f46c380 GCTaskThread "GC Thread#2" [stack: 0x000000f8b2400000,0x000000f8b2500000] [id=8048]
  0x000002b77f46c640 GCTaskThread "GC Thread#3" [stack: 0x000000f8b2500000,0x000000f8b2600000] [id=17872]
  0x000002b77f382110 GCTaskThread "GC Thread#4" [stack: 0x000000f8b2600000,0x000000f8b2700000] [id=21708]
  0x000002b77f3823d0 GCTaskThread "GC Thread#5" [stack: 0x000000f8b2700000,0x000000f8b2800000] [id=21880]
  0x000002b7019f5450 GCTaskThread "GC Thread#6" [stack: 0x000000f8b3400000,0x000000f8b3500000] [id=29372]
  0x000002b7023498f0 GCTaskThread "GC Thread#7" [stack: 0x000000f8b3700000,0x000000f8b3800000] [id=26832]
  0x000002b702349bb0 GCTaskThread "GC Thread#8" [stack: 0x000000f8b3800000,0x000000f8b3900000] [id=3080]
  0x000002b702db7040 GCTaskThread "GC Thread#9" [stack: 0x000000f8b3900000,0x000000f8b3a00000] [id=22372]
  0x000002b748d493c0 ConcurrentGCThread "G1 Main Marker" [stack: 0x000000f8b1000000,0x000000f8b1100000] [id=6380]
  0x000002b748d4b710 ConcurrentGCThread "G1 Conc#0" [stack: 0x000000f8b1100000,0x000000f8b1200000] [id=6212]
  0x000002b7024a93c0 ConcurrentGCThread "G1 Conc#1" [stack: 0x000000f8b3a00000,0x000000f8b3b00000] [id=28956]
  0x000002b7024a8600 ConcurrentGCThread "G1 Conc#2" [stack: 0x000000f8b3b00000,0x000000f8b3c00000] [id=4128]
  0x000002b748dbd320 ConcurrentGCThread "G1 Refine#0" [stack: 0x000000f8b1200000,0x000000f8b1300000] [id=23540]
  0x000002b748dbdb00 ConcurrentGCThread "G1 Service" [stack: 0x000000f8b1300000,0x000000f8b1400000] [id=27728]

Threads with active compile tasks:
C2 CompilerThread0    11264 5105       4       org.gradle.internal.service.DefaultServiceRegistry$ClassInspector::getDetailsForClass (50 bytes)

VM state: not at safepoint (normal execution)

VM Mutex/Monitor currently owned by a thread: None

Heap address: 0x00000000e0000000, size: 512 MB, Compressed Oops mode: 32-bit

CDS archive(s) mapped at: [0x000002b766000000-0x000002b766bc0000-0x000002b766bc0000), size 12320768, SharedBaseAddress: 0x000002b766000000, ArchiveRelocationMode: 1.
Compressed class space mapped at: 0x000002b767000000-0x000002b77b000000, reserved size: 335544320
Narrow klass base: 0x000002b766000000, Narrow klass shift: 0, Narrow klass range: 0x100000000

GC Precious Log:
 CPUs: 12 total, 12 available
 Memory: 16309M
 Large Page Support: Disabled
 NUMA Support: Disabled
 Compressed Oops: Enabled (32-bit)
 Heap Region Size: 1M
 Heap Min Capacity: 256M
 Heap Initial Capacity: 256M
 Heap Max Capacity: 512M
 Pre-touch: Disabled
 Parallel Workers: 10
 Concurrent Workers: 3
 Concurrent Refinement Workers: 10
 Periodic GC: Disabled

Heap:
 garbage-first heap   total 262144K, used 105194K [0x00000000e0000000, 0x0000000100000000)
  region size 1024K, 89 young (91136K), 16 survivors (16384K)
 Metaspace       used 42407K, committed 42944K, reserved 393216K
  class space    used 6037K, committed 6272K, reserved 327680K

Heap Regions: E=young(eden), S=young(survivor), O=old, HS=humongous(starts), HC=humongous(continues), CS=collection set, F=free, OA=open archive, CA=closed archive, TAMS=top-at-mark-start (previous, next)
|   0|0x00000000e0000000, 0x00000000e0100000, 0x00000000e0100000|100%|HS|  |TAMS 0x00000000e0100000, 0x00000000e0000000| Complete 
|   1|0x00000000e0100000, 0x00000000e0200000, 0x00000000e0200000|100%|HC|  |TAMS 0x00000000e0200000, 0x00000000e0100000| Complete 
|   2|0x00000000e0200000, 0x00000000e0300000, 0x00000000e0300000|100%|HC|  |TAMS 0x00000000e0300000, 0x00000000e0200000| Complete 
|   3|0x00000000e0300000, 0x00000000e0400000, 0x00000000e0400000|100%| O|  |TAMS 0x00000000e0400000, 0x00000000e0300000| Untracked 
|   4|0x00000000e0400000, 0x00000000e0500000, 0x00000000e0500000|100%| O|  |TAMS 0x00000000e0500000, 0x00000000e0400000| Untracked 
|   5|0x00000000e0500000, 0x00000000e0600000, 0x00000000e0600000|100%| O|  |TAMS 0x00000000e0600000, 0x00000000e0500000| Untracked 
|   6|0x00000000e0600000, 0x00000000e0700000, 0x00000000e0700000|100%|HS|  |TAMS 0x00000000e0700000, 0x00000000e0600000| Complete 
|   7|0x00000000e0700000, 0x00000000e0700000, 0x00000000e0800000|  0%| F|  |TAMS 0x00000000e0700000, 0x00000000e0700000| Untracked 
|   8|0x00000000e0800000, 0x00000000e0900000, 0x00000000e0900000|100%| O|  |TAMS 0x00000000e0900000, 0x00000000e0800000| Untracked 
|   9|0x00000000e0900000, 0x00000000e0a00000, 0x00000000e0a00000|100%| O|  |TAMS 0x00000000e0a00000, 0x00000000e0900000| Untracked 
|  10|0x00000000e0a00000, 0x00000000e0b00000, 0x00000000e0b00000|100%| O|  |TAMS 0x00000000e0a07200, 0x00000000e0a00000| Untracked 
|  11|0x00000000e0b00000, 0x00000000e0b00000, 0x00000000e0c00000|  0%| F|  |TAMS 0x00000000e0b00000, 0x00000000e0b00000| Untracked 
|  12|0x00000000e0c00000, 0x00000000e0c00000, 0x00000000e0d00000|  0%| F|  |TAMS 0x00000000e0c00000, 0x00000000e0c00000| Untracked 
|  13|0x00000000e0d00000, 0x00000000e0d00000, 0x00000000e0e00000|  0%| F|  |TAMS 0x00000000e0d00000, 0x00000000e0d00000| Untracked 
|  14|0x00000000e0e00000, 0x00000000e0e00000, 0x00000000e0f00000|  0%| F|  |TAMS 0x00000000e0e00000, 0x00000000e0e00000| Untracked 
|  15|0x00000000e0f00000, 0x00000000e1000000, 0x00000000e1000000|100%| O|  |TAMS 0x00000000e0f00000, 0x00000000e0f00000| Untracked 
|  16|0x00000000e1000000, 0x00000000e1100000, 0x00000000e1100000|100%| O|  |TAMS 0x00000000e1000000, 0x00000000e1000000| Untracked 
|  17|0x00000000e1100000, 0x00000000e1200000, 0x00000000e1200000|100%| O|  |TAMS 0x00000000e1100000, 0x00000000e1100000| Untracked 
|  18|0x00000000e1200000, 0x00000000e1300000, 0x00000000e1300000|100%| O|  |TAMS 0x00000000e1200000, 0x00000000e1200000| Untracked 
|  19|0x00000000e1300000, 0x00000000e1400000, 0x00000000e1400000|100%| O|  |TAMS 0x00000000e1300000, 0x00000000e1300000| Untracked 
|  20|0x00000000e1400000, 0x00000000e14f2200, 0x00000000e1500000| 94%| O|  |TAMS 0x00000000e1400000, 0x00000000e1400000| Untracked 
|  21|0x00000000e1500000, 0x00000000e1500000, 0x00000000e1600000|  0%| F|  |TAMS 0x00000000e1500000, 0x00000000e1500000| Untracked 
|  22|0x00000000e1600000, 0x00000000e1600000, 0x00000000e1700000|  0%| F|  |TAMS 0x00000000e1600000, 0x00000000e1600000| Untracked 
|  23|0x00000000e1700000, 0x00000000e1700000, 0x00000000e1800000|  0%| F|  |TAMS 0x00000000e1700000, 0x00000000e1700000| Untracked 
|  24|0x00000000e1800000, 0x00000000e1800000, 0x00000000e1900000|  0%| F|  |TAMS 0x00000000e1800000, 0x00000000e1800000| Untracked 
|  25|0x00000000e1900000, 0x00000000e1900000, 0x00000000e1a00000|  0%| F|  |TAMS 0x00000000e1900000, 0x00000000e1900000| Untracked 
|  26|0x00000000e1a00000, 0x00000000e1a00000, 0x00000000e1b00000|  0%| F|  |TAMS 0x00000000e1a00000, 0x00000000e1a00000| Untracked 
|  27|0x00000000e1b00000, 0x00000000e1b00000, 0x00000000e1c00000|  0%| F|  |TAMS 0x00000000e1b00000, 0x00000000e1b00000| Untracked 
|  28|0x00000000e1c00000, 0x00000000e1c00000, 0x00000000e1d00000|  0%| F|  |TAMS 0x00000000e1c00000, 0x00000000e1c00000| Untracked 
|  29|0x00000000e1d00000, 0x00000000e1d00000, 0x00000000e1e00000|  0%| F|  |TAMS 0x00000000e1d00000, 0x00000000e1d00000| Untracked 
|  30|0x00000000e1e00000, 0x00000000e1e00000, 0x00000000e1f00000|  0%| F|  |TAMS 0x00000000e1e00000, 0x00000000e1e00000| Untracked 
|  31|0x00000000e1f00000, 0x00000000e1f00000, 0x00000000e2000000|  0%| F|  |TAMS 0x00000000e1f00000, 0x00000000e1f00000| Untracked 
|  32|0x00000000e2000000, 0x00000000e2000000, 0x00000000e2100000|  0%| F|  |TAMS 0x00000000e2000000, 0x00000000e2000000| Untracked 
|  33|0x00000000e2100000, 0x00000000e2100000, 0x00000000e2200000|  0%| F|  |TAMS 0x00000000e2100000, 0x00000000e2100000| Untracked 
|  34|0x00000000e2200000, 0x00000000e2200000, 0x00000000e2300000|  0%| F|  |TAMS 0x00000000e2200000, 0x00000000e2200000| Untracked 
|  35|0x00000000e2300000, 0x00000000e2300000, 0x00000000e2400000|  0%| F|  |TAMS 0x00000000e2300000, 0x00000000e2300000| Untracked 
|  36|0x00000000e2400000, 0x00000000e2400000, 0x00000000e2500000|  0%| F|  |TAMS 0x00000000e2400000, 0x00000000e2400000| Untracked 
|  37|0x00000000e2500000, 0x00000000e2500000, 0x00000000e2600000|  0%| F|  |TAMS 0x00000000e2500000, 0x00000000e2500000| Untracked 
|  38|0x00000000e2600000, 0x00000000e2600000, 0x00000000e2700000|  0%| F|  |TAMS 0x00000000e2600000, 0x00000000e2600000| Untracked 
|  39|0x00000000e2700000, 0x00000000e2700000, 0x00000000e2800000|  0%| F|  |TAMS 0x00000000e2700000, 0x00000000e2700000| Untracked 
|  40|0x00000000e2800000, 0x00000000e2800000, 0x00000000e2900000|  0%| F|  |TAMS 0x00000000e2800000, 0x00000000e2800000| Untracked 
|  41|0x00000000e2900000, 0x00000000e2900000, 0x00000000e2a00000|  0%| F|  |TAMS 0x00000000e2900000, 0x00000000e2900000| Untracked 
|  42|0x00000000e2a00000, 0x00000000e2a00000, 0x00000000e2b00000|  0%| F|  |TAMS 0x00000000e2a00000, 0x00000000e2a00000| Untracked 
|  43|0x00000000e2b00000, 0x00000000e2b00000, 0x00000000e2c00000|  0%| F|  |TAMS 0x00000000e2b00000, 0x00000000e2b00000| Untracked 
|  44|0x00000000e2c00000, 0x00000000e2c00000, 0x00000000e2d00000|  0%| F|  |TAMS 0x00000000e2c00000, 0x00000000e2c00000| Untracked 
|  45|0x00000000e2d00000, 0x00000000e2d00000, 0x00000000e2e00000|  0%| F|  |TAMS 0x00000000e2d00000, 0x00000000e2d00000| Untracked 
|  46|0x00000000e2e00000, 0x00000000e2e00000, 0x00000000e2f00000|  0%| F|  |TAMS 0x00000000e2e00000, 0x00000000e2e00000| Untracked 
|  47|0x00000000e2f00000, 0x00000000e2f00000, 0x00000000e3000000|  0%| F|  |TAMS 0x00000000e2f00000, 0x00000000e2f00000| Untracked 
|  48|0x00000000e3000000, 0x00000000e3000000, 0x00000000e3100000|  0%| F|  |TAMS 0x00000000e3000000, 0x00000000e3000000| Untracked 
|  49|0x00000000e3100000, 0x00000000e3100000, 0x00000000e3200000|  0%| F|  |TAMS 0x00000000e3100000, 0x00000000e3100000| Untracked 
|  50|0x00000000e3200000, 0x00000000e3200000, 0x00000000e3300000|  0%| F|  |TAMS 0x00000000e3200000, 0x00000000e3200000| Untracked 
|  51|0x00000000e3300000, 0x00000000e3300000, 0x00000000e3400000|  0%| F|  |TAMS 0x00000000e3300000, 0x00000000e3300000| Untracked 
|  52|0x00000000e3400000, 0x00000000e3400000, 0x00000000e3500000|  0%| F|  |TAMS 0x00000000e3400000, 0x00000000e3400000| Untracked 
|  53|0x00000000e3500000, 0x00000000e3500000, 0x00000000e3600000|  0%| F|  |TAMS 0x00000000e3500000, 0x00000000e3500000| Untracked 
|  54|0x00000000e3600000, 0x00000000e3600000, 0x00000000e3700000|  0%| F|  |TAMS 0x00000000e3600000, 0x00000000e3600000| Untracked 
|  55|0x00000000e3700000, 0x00000000e3700000, 0x00000000e3800000|  0%| F|  |TAMS 0x00000000e3700000, 0x00000000e3700000| Untracked 
|  56|0x00000000e3800000, 0x00000000e3800000, 0x00000000e3900000|  0%| F|  |TAMS 0x00000000e3800000, 0x00000000e3800000| Untracked 
|  57|0x00000000e3900000, 0x00000000e3900000, 0x00000000e3a00000|  0%| F|  |TAMS 0x00000000e3900000, 0x00000000e3900000| Untracked 
|  58|0x00000000e3a00000, 0x00000000e3a00000, 0x00000000e3b00000|  0%| F|  |TAMS 0x00000000e3a00000, 0x00000000e3a00000| Untracked 
|  59|0x00000000e3b00000, 0x00000000e3b00000, 0x00000000e3c00000|  0%| F|  |TAMS 0x00000000e3b00000, 0x00000000e3b00000| Untracked 
|  60|0x00000000e3c00000, 0x00000000e3c00000, 0x00000000e3d00000|  0%| F|  |TAMS 0x00000000e3c00000, 0x00000000e3c00000| Untracked 
|  61|0x00000000e3d00000, 0x00000000e3d00000, 0x00000000e3e00000|  0%| F|  |TAMS 0x00000000e3d00000, 0x00000000e3d00000| Untracked 
|  62|0x00000000e3e00000, 0x00000000e3e00000, 0x00000000e3f00000|  0%| F|  |TAMS 0x00000000e3e00000, 0x00000000e3e00000| Untracked 
|  63|0x00000000e3f00000, 0x00000000e3f00000, 0x00000000e4000000|  0%| F|  |TAMS 0x00000000e3f00000, 0x00000000e3f00000| Untracked 
|  64|0x00000000e4000000, 0x00000000e4000000, 0x00000000e4100000|  0%| F|  |TAMS 0x00000000e4000000, 0x00000000e4000000| Untracked 
|  65|0x00000000e4100000, 0x00000000e4100000, 0x00000000e4200000|  0%| F|  |TAMS 0x00000000e4100000, 0x00000000e4100000| Untracked 
|  66|0x00000000e4200000, 0x00000000e4200000, 0x00000000e4300000|  0%| F|  |TAMS 0x00000000e4200000, 0x00000000e4200000| Untracked 
|  67|0x00000000e4300000, 0x00000000e4300000, 0x00000000e4400000|  0%| F|  |TAMS 0x00000000e4300000, 0x00000000e4300000| Untracked 
|  68|0x00000000e4400000, 0x00000000e4400000, 0x00000000e4500000|  0%| F|  |TAMS 0x00000000e4400000, 0x00000000e4400000| Untracked 
|  69|0x00000000e4500000, 0x00000000e4500000, 0x00000000e4600000|  0%| F|  |TAMS 0x00000000e4500000, 0x00000000e4500000| Untracked 
|  70|0x00000000e4600000, 0x00000000e4600000, 0x00000000e4700000|  0%| F|  |TAMS 0x00000000e4600000, 0x00000000e4600000| Untracked 
|  71|0x00000000e4700000, 0x00000000e4700000, 0x00000000e4800000|  0%| F|  |TAMS 0x00000000e4700000, 0x00000000e4700000| Untracked 
|  72|0x00000000e4800000, 0x00000000e4800000, 0x00000000e4900000|  0%| F|  |TAMS 0x00000000e4800000, 0x00000000e4800000| Untracked 
|  73|0x00000000e4900000, 0x00000000e4900000, 0x00000000e4a00000|  0%| F|  |TAMS 0x00000000e4900000, 0x00000000e4900000| Untracked 
|  74|0x00000000e4a00000, 0x00000000e4a00000, 0x00000000e4b00000|  0%| F|  |TAMS 0x00000000e4a00000, 0x00000000e4a00000| Untracked 
|  75|0x00000000e4b00000, 0x00000000e4b00000, 0x00000000e4c00000|  0%| F|  |TAMS 0x00000000e4b00000, 0x00000000e4b00000| Untracked 
|  76|0x00000000e4c00000, 0x00000000e4c00000, 0x00000000e4d00000|  0%| F|  |TAMS 0x00000000e4c00000, 0x00000000e4c00000| Untracked 
|  77|0x00000000e4d00000, 0x00000000e4d00000, 0x00000000e4e00000|  0%| F|  |TAMS 0x00000000e4d00000, 0x00000000e4d00000| Untracked 
|  78|0x00000000e4e00000, 0x00000000e4e00000, 0x00000000e4f00000|  0%| F|  |TAMS 0x00000000e4e00000, 0x00000000e4e00000| Untracked 
|  79|0x00000000e4f00000, 0x00000000e4f00000, 0x00000000e5000000|  0%| F|  |TAMS 0x00000000e4f00000, 0x00000000e4f00000| Untracked 
|  80|0x00000000e5000000, 0x00000000e5000000, 0x00000000e5100000|  0%| F|  |TAMS 0x00000000e5000000, 0x00000000e5000000| Untracked 
|  81|0x00000000e5100000, 0x00000000e5100000, 0x00000000e5200000|  0%| F|  |TAMS 0x00000000e5100000, 0x00000000e5100000| Untracked 
|  82|0x00000000e5200000, 0x00000000e5200000, 0x00000000e5300000|  0%| F|  |TAMS 0x00000000e5200000, 0x00000000e5200000| Untracked 
|  83|0x00000000e5300000, 0x00000000e5300000, 0x00000000e5400000|  0%| F|  |TAMS 0x00000000e5300000, 0x00000000e5300000| Untracked 
|  84|0x00000000e5400000, 0x00000000e5400000, 0x00000000e5500000|  0%| F|  |TAMS 0x00000000e5400000, 0x00000000e5400000| Untracked 
|  85|0x00000000e5500000, 0x00000000e5500000, 0x00000000e5600000|  0%| F|  |TAMS 0x00000000e5500000, 0x00000000e5500000| Untracked 
|  86|0x00000000e5600000, 0x00000000e5600000, 0x00000000e5700000|  0%| F|  |TAMS 0x00000000e5600000, 0x00000000e5600000| Untracked 
|  87|0x00000000e5700000, 0x00000000e5700000, 0x00000000e5800000|  0%| F|  |TAMS 0x00000000e5700000, 0x00000000e5700000| Untracked 
|  88|0x00000000e5800000, 0x00000000e5800000, 0x00000000e5900000|  0%| F|  |TAMS 0x00000000e5800000, 0x00000000e5800000| Untracked 
|  89|0x00000000e5900000, 0x00000000e5900000, 0x00000000e5a00000|  0%| F|  |TAMS 0x00000000e5900000, 0x00000000e5900000| Untracked 
|  90|0x00000000e5a00000, 0x00000000e5a00000, 0x00000000e5b00000|  0%| F|  |TAMS 0x00000000e5a00000, 0x00000000e5a00000| Untracked 
|  91|0x00000000e5b00000, 0x00000000e5b00000, 0x00000000e5c00000|  0%| F|  |TAMS 0x00000000e5b00000, 0x00000000e5b00000| Untracked 
|  92|0x00000000e5c00000, 0x00000000e5c00000, 0x00000000e5d00000|  0%| F|  |TAMS 0x00000000e5c00000, 0x00000000e5c00000| Untracked 
|  93|0x00000000e5d00000, 0x00000000e5d00000, 0x00000000e5e00000|  0%| F|  |TAMS 0x00000000e5d00000, 0x00000000e5d00000| Untracked 
|  94|0x00000000e5e00000, 0x00000000e5e00000, 0x00000000e5f00000|  0%| F|  |TAMS 0x00000000e5e00000, 0x00000000e5e00000| Untracked 
|  95|0x00000000e5f00000, 0x00000000e5f00000, 0x00000000e6000000|  0%| F|  |TAMS 0x00000000e5f00000, 0x00000000e5f00000| Untracked 
|  96|0x00000000e6000000, 0x00000000e6000000, 0x00000000e6100000|  0%| F|  |TAMS 0x00000000e6000000, 0x00000000e6000000| Untracked 
|  97|0x00000000e6100000, 0x00000000e6100000, 0x00000000e6200000|  0%| F|  |TAMS 0x00000000e6100000, 0x00000000e6100000| Untracked 
|  98|0x00000000e6200000, 0x00000000e6200000, 0x00000000e6300000|  0%| F|  |TAMS 0x00000000e6200000, 0x00000000e6200000| Untracked 
|  99|0x00000000e6300000, 0x00000000e6300000, 0x00000000e6400000|  0%| F|  |TAMS 0x00000000e6300000, 0x00000000e6300000| Untracked 
| 100|0x00000000e6400000, 0x00000000e6400000, 0x00000000e6500000|  0%| F|  |TAMS 0x00000000e6400000, 0x00000000e6400000| Untracked 
| 101|0x00000000e6500000, 0x00000000e6500000, 0x00000000e6600000|  0%| F|  |TAMS 0x00000000e6500000, 0x00000000e6500000| Untracked 
| 102|0x00000000e6600000, 0x00000000e6600000, 0x00000000e6700000|  0%| F|  |TAMS 0x00000000e6600000, 0x00000000e6600000| Untracked 
| 103|0x00000000e6700000, 0x00000000e6700000, 0x00000000e6800000|  0%| F|  |TAMS 0x00000000e6700000, 0x00000000e6700000| Untracked 
| 104|0x00000000e6800000, 0x00000000e6800000, 0x00000000e6900000|  0%| F|  |TAMS 0x00000000e6800000, 0x00000000e6800000| Untracked 
| 105|0x00000000e6900000, 0x00000000e6900000, 0x00000000e6a00000|  0%| F|  |TAMS 0x00000000e6900000, 0x00000000e6900000| Untracked 
| 106|0x00000000e6a00000, 0x00000000e6a00000, 0x00000000e6b00000|  0%| F|  |TAMS 0x00000000e6a00000, 0x00000000e6a00000| Untracked 
| 107|0x00000000e6b00000, 0x00000000e6b00000, 0x00000000e6c00000|  0%| F|  |TAMS 0x00000000e6b00000, 0x00000000e6b00000| Untracked 
| 108|0x00000000e6c00000, 0x00000000e6c00000, 0x00000000e6d00000|  0%| F|  |TAMS 0x00000000e6c00000, 0x00000000e6c00000| Untracked 
| 109|0x00000000e6d00000, 0x00000000e6dc8620, 0x00000000e6e00000| 78%| S|CS|TAMS 0x00000000e6d00000, 0x00000000e6d00000| Complete 
| 110|0x00000000e6e00000, 0x00000000e6f00000, 0x00000000e6f00000|100%| S|CS|TAMS 0x00000000e6e00000, 0x00000000e6e00000| Complete 
| 111|0x00000000e6f00000, 0x00000000e7000000, 0x00000000e7000000|100%| S|CS|TAMS 0x00000000e6f00000, 0x00000000e6f00000| Complete 
| 112|0x00000000e7000000, 0x00000000e7100000, 0x00000000e7100000|100%| S|CS|TAMS 0x00000000e7000000, 0x00000000e7000000| Complete 
| 113|0x00000000e7100000, 0x00000000e7200000, 0x00000000e7200000|100%| S|CS|TAMS 0x00000000e7100000, 0x00000000e7100000| Complete 
| 114|0x00000000e7200000, 0x00000000e7300000, 0x00000000e7300000|100%| S|CS|TAMS 0x00000000e7200000, 0x00000000e7200000| Complete 
| 115|0x00000000e7300000, 0x00000000e7400000, 0x00000000e7400000|100%| S|CS|TAMS 0x00000000e7300000, 0x00000000e7300000| Complete 
| 116|0x00000000e7400000, 0x00000000e7500000, 0x00000000e7500000|100%| S|CS|TAMS 0x00000000e7400000, 0x00000000e7400000| Complete 
| 117|0x00000000e7500000, 0x00000000e7600000, 0x00000000e7600000|100%| S|CS|TAMS 0x00000000e7500000, 0x00000000e7500000| Complete 
| 118|0x00000000e7600000, 0x00000000e7700000, 0x00000000e7700000|100%| S|CS|TAMS 0x00000000e7600000, 0x00000000e7600000| Complete 
| 119|0x00000000e7700000, 0x00000000e7800000, 0x00000000e7800000|100%| S|CS|TAMS 0x00000000e7700000, 0x00000000e7700000| Complete 
| 120|0x00000000e7800000, 0x00000000e7900000, 0x00000000e7900000|100%| S|CS|TAMS 0x00000000e7800000, 0x00000000e7800000| Complete 
| 121|0x00000000e7900000, 0x00000000e7a00000, 0x00000000e7a00000|100%| S|CS|TAMS 0x00000000e7900000, 0x00000000e7900000| Complete 
| 122|0x00000000e7a00000, 0x00000000e7b00000, 0x00000000e7b00000|100%| S|CS|TAMS 0x00000000e7a00000, 0x00000000e7a00000| Complete 
| 123|0x00000000e7b00000, 0x00000000e7c00000, 0x00000000e7c00000|100%| S|CS|TAMS 0x00000000e7b00000, 0x00000000e7b00000| Complete 
| 124|0x00000000e7c00000, 0x00000000e7d00000, 0x00000000e7d00000|100%| S|CS|TAMS 0x00000000e7c00000, 0x00000000e7c00000| Complete 
| 125|0x00000000e7d00000, 0x00000000e7d00000, 0x00000000e7e00000|  0%| F|  |TAMS 0x00000000e7d00000, 0x00000000e7d00000| Untracked 
| 126|0x00000000e7e00000, 0x00000000e7e00000, 0x00000000e7f00000|  0%| F|  |TAMS 0x00000000e7e00000, 0x00000000e7e00000| Untracked 
| 127|0x00000000e7f00000, 0x00000000e7f00000, 0x00000000e8000000|  0%| F|  |TAMS 0x00000000e7f00000, 0x00000000e7f00000| Untracked 
| 128|0x00000000e8000000, 0x00000000e8000000, 0x00000000e8100000|  0%| F|  |TAMS 0x00000000e8000000, 0x00000000e8000000| Untracked 
| 129|0x00000000e8100000, 0x00000000e8100000, 0x00000000e8200000|  0%| F|  |TAMS 0x00000000e8100000, 0x00000000e8100000| Untracked 
| 130|0x00000000e8200000, 0x00000000e8200000, 0x00000000e8300000|  0%| F|  |TAMS 0x00000000e8200000, 0x00000000e8200000| Untracked 
| 131|0x00000000e8300000, 0x00000000e8300000, 0x00000000e8400000|  0%| F|  |TAMS 0x00000000e8300000, 0x00000000e8300000| Untracked 
| 132|0x00000000e8400000, 0x00000000e8400000, 0x00000000e8500000|  0%| F|  |TAMS 0x00000000e8400000, 0x00000000e8400000| Untracked 
| 133|0x00000000e8500000, 0x00000000e8500000, 0x00000000e8600000|  0%| F|  |TAMS 0x00000000e8500000, 0x00000000e8500000| Untracked 
| 134|0x00000000e8600000, 0x00000000e8600000, 0x00000000e8700000|  0%| F|  |TAMS 0x00000000e8600000, 0x00000000e8600000| Untracked 
| 135|0x00000000e8700000, 0x00000000e8700000, 0x00000000e8800000|  0%| F|  |TAMS 0x00000000e8700000, 0x00000000e8700000| Untracked 
| 136|0x00000000e8800000, 0x00000000e8800000, 0x00000000e8900000|  0%| F|  |TAMS 0x00000000e8800000, 0x00000000e8800000| Untracked 
| 137|0x00000000e8900000, 0x00000000e8900000, 0x00000000e8a00000|  0%| F|  |TAMS 0x00000000e8900000, 0x00000000e8900000| Untracked 
| 138|0x00000000e8a00000, 0x00000000e8a00000, 0x00000000e8b00000|  0%| F|  |TAMS 0x00000000e8a00000, 0x00000000e8a00000| Untracked 
| 139|0x00000000e8b00000, 0x00000000e8b00000, 0x00000000e8c00000|  0%| F|  |TAMS 0x00000000e8b00000, 0x00000000e8b00000| Untracked 
| 140|0x00000000e8c00000, 0x00000000e8c00000, 0x00000000e8d00000|  0%| F|  |TAMS 0x00000000e8c00000, 0x00000000e8c00000| Untracked 
| 141|0x00000000e8d00000, 0x00000000e8d00000, 0x00000000e8e00000|  0%| F|  |TAMS 0x00000000e8d00000, 0x00000000e8d00000| Untracked 
| 142|0x00000000e8e00000, 0x00000000e8e00000, 0x00000000e8f00000|  0%| F|  |TAMS 0x00000000e8e00000, 0x00000000e8e00000| Untracked 
| 143|0x00000000e8f00000, 0x00000000e8f00000, 0x00000000e9000000|  0%| F|  |TAMS 0x00000000e8f00000, 0x00000000e8f00000| Untracked 
| 144|0x00000000e9000000, 0x00000000e9000000, 0x00000000e9100000|  0%| F|  |TAMS 0x00000000e9000000, 0x00000000e9000000| Untracked 
| 145|0x00000000e9100000, 0x00000000e9100000, 0x00000000e9200000|  0%| F|  |TAMS 0x00000000e9100000, 0x00000000e9100000| Untracked 
| 146|0x00000000e9200000, 0x00000000e9200000, 0x00000000e9300000|  0%| F|  |TAMS 0x00000000e9200000, 0x00000000e9200000| Untracked 
| 147|0x00000000e9300000, 0x00000000e9300000, 0x00000000e9400000|  0%| F|  |TAMS 0x00000000e9300000, 0x00000000e9300000| Untracked 
| 148|0x00000000e9400000, 0x00000000e9400000, 0x00000000e9500000|  0%| F|  |TAMS 0x00000000e9400000, 0x00000000e9400000| Untracked 
| 149|0x00000000e9500000, 0x00000000e9500000, 0x00000000e9600000|  0%| F|  |TAMS 0x00000000e9500000, 0x00000000e9500000| Untracked 
| 150|0x00000000e9600000, 0x00000000e9600000, 0x00000000e9700000|  0%| F|  |TAMS 0x00000000e9600000, 0x00000000e9600000| Untracked 
| 151|0x00000000e9700000, 0x00000000e9700000, 0x00000000e9800000|  0%| F|  |TAMS 0x00000000e9700000, 0x00000000e9700000| Untracked 
| 152|0x00000000e9800000, 0x00000000e9800000, 0x00000000e9900000|  0%| F|  |TAMS 0x00000000e9800000, 0x00000000e9800000| Untracked 
| 153|0x00000000e9900000, 0x00000000e9900000, 0x00000000e9a00000|  0%| F|  |TAMS 0x00000000e9900000, 0x00000000e9900000| Untracked 
| 154|0x00000000e9a00000, 0x00000000e9a00000, 0x00000000e9b00000|  0%| F|  |TAMS 0x00000000e9a00000, 0x00000000e9a00000| Untracked 
| 155|0x00000000e9b00000, 0x00000000e9b00000, 0x00000000e9c00000|  0%| F|  |TAMS 0x00000000e9b00000, 0x00000000e9b00000| Untracked 
| 156|0x00000000e9c00000, 0x00000000e9c00000, 0x00000000e9d00000|  0%| F|  |TAMS 0x00000000e9c00000, 0x00000000e9c00000| Untracked 
| 157|0x00000000e9d00000, 0x00000000e9d00000, 0x00000000e9e00000|  0%| F|  |TAMS 0x00000000e9d00000, 0x00000000e9d00000| Untracked 
| 158|0x00000000e9e00000, 0x00000000e9e00000, 0x00000000e9f00000|  0%| F|  |TAMS 0x00000000e9e00000, 0x00000000e9e00000| Untracked 
| 159|0x00000000e9f00000, 0x00000000e9f00000, 0x00000000ea000000|  0%| F|  |TAMS 0x00000000e9f00000, 0x00000000e9f00000| Untracked 
| 160|0x00000000ea000000, 0x00000000ea000000, 0x00000000ea100000|  0%| F|  |TAMS 0x00000000ea000000, 0x00000000ea000000| Untracked 
| 161|0x00000000ea100000, 0x00000000ea100000, 0x00000000ea200000|  0%| F|  |TAMS 0x00000000ea100000, 0x00000000ea100000| Untracked 
| 162|0x00000000ea200000, 0x00000000ea200000, 0x00000000ea300000|  0%| F|  |TAMS 0x00000000ea200000, 0x00000000ea200000| Untracked 
| 163|0x00000000ea300000, 0x00000000ea300000, 0x00000000ea400000|  0%| F|  |TAMS 0x00000000ea300000, 0x00000000ea300000| Untracked 
| 164|0x00000000ea400000, 0x00000000ea400000, 0x00000000ea500000|  0%| F|  |TAMS 0x00000000ea400000, 0x00000000ea400000| Untracked 
| 165|0x00000000ea500000, 0x00000000ea500000, 0x00000000ea600000|  0%| F|  |TAMS 0x00000000ea500000, 0x00000000ea500000| Untracked 
| 166|0x00000000ea600000, 0x00000000ea600000, 0x00000000ea700000|  0%| F|  |TAMS 0x00000000ea600000, 0x00000000ea600000| Untracked 
| 167|0x00000000ea700000, 0x00000000ea700000, 0x00000000ea800000|  0%| F|  |TAMS 0x00000000ea700000, 0x00000000ea700000| Untracked 
| 168|0x00000000ea800000, 0x00000000ea800000, 0x00000000ea900000|  0%| F|  |TAMS 0x00000000ea800000, 0x00000000ea800000| Untracked 
| 169|0x00000000ea900000, 0x00000000ea900000, 0x00000000eaa00000|  0%| F|  |TAMS 0x00000000ea900000, 0x00000000ea900000| Untracked 
| 170|0x00000000eaa00000, 0x00000000eaa00000, 0x00000000eab00000|  0%| F|  |TAMS 0x00000000eaa00000, 0x00000000eaa00000| Untracked 
| 171|0x00000000eab00000, 0x00000000eab00000, 0x00000000eac00000|  0%| F|  |TAMS 0x00000000eab00000, 0x00000000eab00000| Untracked 
| 172|0x00000000eac00000, 0x00000000eac00000, 0x00000000ead00000|  0%| F|  |TAMS 0x00000000eac00000, 0x00000000eac00000| Untracked 
| 173|0x00000000ead00000, 0x00000000ead00000, 0x00000000eae00000|  0%| F|  |TAMS 0x00000000ead00000, 0x00000000ead00000| Untracked 
| 174|0x00000000eae00000, 0x00000000eae00000, 0x00000000eaf00000|  0%| F|  |TAMS 0x00000000eae00000, 0x00000000eae00000| Untracked 
| 175|0x00000000eaf00000, 0x00000000eaf00000, 0x00000000eb000000|  0%| F|  |TAMS 0x00000000eaf00000, 0x00000000eaf00000| Untracked 
| 176|0x00000000eb000000, 0x00000000eb000000, 0x00000000eb100000|  0%| F|  |TAMS 0x00000000eb000000, 0x00000000eb000000| Untracked 
| 177|0x00000000eb100000, 0x00000000eb100000, 0x00000000eb200000|  0%| F|  |TAMS 0x00000000eb100000, 0x00000000eb100000| Untracked 
| 178|0x00000000eb200000, 0x00000000eb200000, 0x00000000eb300000|  0%| F|  |TAMS 0x00000000eb200000, 0x00000000eb200000| Untracked 
| 179|0x00000000eb300000, 0x00000000eb300000, 0x00000000eb400000|  0%| F|  |TAMS 0x00000000eb300000, 0x00000000eb300000| Untracked 
| 180|0x00000000eb400000, 0x00000000eb400000, 0x00000000eb500000|  0%| F|  |TAMS 0x00000000eb400000, 0x00000000eb400000| Untracked 
| 181|0x00000000eb500000, 0x00000000eb500000, 0x00000000eb600000|  0%| F|  |TAMS 0x00000000eb500000, 0x00000000eb500000| Untracked 
| 182|0x00000000eb600000, 0x00000000eb600000, 0x00000000eb700000|  0%| F|  |TAMS 0x00000000eb600000, 0x00000000eb600000| Untracked 
| 183|0x00000000eb700000, 0x00000000eb780000, 0x00000000eb800000| 50%| E|  |TAMS 0x00000000eb700000, 0x00000000eb700000| Complete 
| 184|0x00000000eb800000, 0x00000000eb900000, 0x00000000eb900000|100%| E|CS|TAMS 0x00000000eb800000, 0x00000000eb800000| Complete 
| 185|0x00000000eb900000, 0x00000000eba00000, 0x00000000eba00000|100%| E|CS|TAMS 0x00000000eb900000, 0x00000000eb900000| Complete 
| 186|0x00000000eba00000, 0x00000000ebb00000, 0x00000000ebb00000|100%| E|CS|TAMS 0x00000000eba00000, 0x00000000eba00000| Complete 
| 187|0x00000000ebb00000, 0x00000000ebc00000, 0x00000000ebc00000|100%| E|CS|TAMS 0x00000000ebb00000, 0x00000000ebb00000| Complete 
| 188|0x00000000ebc00000, 0x00000000ebd00000, 0x00000000ebd00000|100%| E|CS|TAMS 0x00000000ebc00000, 0x00000000ebc00000| Complete 
| 189|0x00000000ebd00000, 0x00000000ebe00000, 0x00000000ebe00000|100%| E|CS|TAMS 0x00000000ebd00000, 0x00000000ebd00000| Complete 
| 190|0x00000000ebe00000, 0x00000000ebf00000, 0x00000000ebf00000|100%| E|CS|TAMS 0x00000000ebe00000, 0x00000000ebe00000| Complete 
| 191|0x00000000ebf00000, 0x00000000ec000000, 0x00000000ec000000|100%| E|CS|TAMS 0x00000000ebf00000, 0x00000000ebf00000| Complete 
| 192|0x00000000ec000000, 0x00000000ec100000, 0x00000000ec100000|100%| E|CS|TAMS 0x00000000ec000000, 0x00000000ec000000| Complete 
| 193|0x00000000ec100000, 0x00000000ec200000, 0x00000000ec200000|100%| E|CS|TAMS 0x00000000ec100000, 0x00000000ec100000| Complete 
| 194|0x00000000ec200000, 0x00000000ec300000, 0x00000000ec300000|100%| E|CS|TAMS 0x00000000ec200000, 0x00000000ec200000| Complete 
| 195|0x00000000ec300000, 0x00000000ec400000, 0x00000000ec400000|100%| E|CS|TAMS 0x00000000ec300000, 0x00000000ec300000| Complete 
| 196|0x00000000ec400000, 0x00000000ec500000, 0x00000000ec500000|100%| E|CS|TAMS 0x00000000ec400000, 0x00000000ec400000| Complete 
| 197|0x00000000ec500000, 0x00000000ec600000, 0x00000000ec600000|100%| E|CS|TAMS 0x00000000ec500000, 0x00000000ec500000| Complete 
| 198|0x00000000ec600000, 0x00000000ec700000, 0x00000000ec700000|100%| E|CS|TAMS 0x00000000ec600000, 0x00000000ec600000| Complete 
| 199|0x00000000ec700000, 0x00000000ec800000, 0x00000000ec800000|100%| E|CS|TAMS 0x00000000ec700000, 0x00000000ec700000| Complete 
| 200|0x00000000ec800000, 0x00000000ec900000, 0x00000000ec900000|100%| E|CS|TAMS 0x00000000ec800000, 0x00000000ec800000| Complete 
| 201|0x00000000ec900000, 0x00000000eca00000, 0x00000000eca00000|100%| E|CS|TAMS 0x00000000ec900000, 0x00000000ec900000| Complete 
| 202|0x00000000eca00000, 0x00000000ecb00000, 0x00000000ecb00000|100%| E|CS|TAMS 0x00000000eca00000, 0x00000000eca00000| Complete 
| 203|0x00000000ecb00000, 0x00000000ecc00000, 0x00000000ecc00000|100%| E|CS|TAMS 0x00000000ecb00000, 0x00000000ecb00000| Complete 
| 204|0x00000000ecc00000, 0x00000000ecd00000, 0x00000000ecd00000|100%| E|  |TAMS 0x00000000ecc00000, 0x00000000ecc00000| Complete 
| 205|0x00000000ecd00000, 0x00000000ece00000, 0x00000000ece00000|100%| E|CS|TAMS 0x00000000ecd00000, 0x00000000ecd00000| Complete 
| 206|0x00000000ece00000, 0x00000000ecf00000, 0x00000000ecf00000|100%| E|CS|TAMS 0x00000000ece00000, 0x00000000ece00000| Complete 
| 207|0x00000000ecf00000, 0x00000000ed000000, 0x00000000ed000000|100%| E|CS|TAMS 0x00000000ecf00000, 0x00000000ecf00000| Complete 
| 208|0x00000000ed000000, 0x00000000ed100000, 0x00000000ed100000|100%| E|CS|TAMS 0x00000000ed000000, 0x00000000ed000000| Complete 
| 209|0x00000000ed100000, 0x00000000ed200000, 0x00000000ed200000|100%| E|CS|TAMS 0x00000000ed100000, 0x00000000ed100000| Complete 
| 210|0x00000000ed200000, 0x00000000ed300000, 0x00000000ed300000|100%| E|CS|TAMS 0x00000000ed200000, 0x00000000ed200000| Complete 
| 211|0x00000000ed300000, 0x00000000ed400000, 0x00000000ed400000|100%| E|CS|TAMS 0x00000000ed300000, 0x00000000ed300000| Complete 
| 212|0x00000000ed400000, 0x00000000ed500000, 0x00000000ed500000|100%| E|CS|TAMS 0x00000000ed400000, 0x00000000ed400000| Complete 
| 213|0x00000000ed500000, 0x00000000ed600000, 0x00000000ed600000|100%| E|CS|TAMS 0x00000000ed500000, 0x00000000ed500000| Complete 
| 214|0x00000000ed600000, 0x00000000ed700000, 0x00000000ed700000|100%| E|CS|TAMS 0x00000000ed600000, 0x00000000ed600000| Complete 
| 215|0x00000000ed700000, 0x00000000ed800000, 0x00000000ed800000|100%| E|CS|TAMS 0x00000000ed700000, 0x00000000ed700000| Complete 
| 216|0x00000000ed800000, 0x00000000ed900000, 0x00000000ed900000|100%| E|CS|TAMS 0x00000000ed800000, 0x00000000ed800000| Complete 
| 217|0x00000000ed900000, 0x00000000eda00000, 0x00000000eda00000|100%| E|CS|TAMS 0x00000000ed900000, 0x00000000ed900000| Complete 
| 218|0x00000000eda00000, 0x00000000edb00000, 0x00000000edb00000|100%| E|CS|TAMS 0x00000000eda00000, 0x00000000eda00000| Complete 
| 219|0x00000000edb00000, 0x00000000edc00000, 0x00000000edc00000|100%| E|CS|TAMS 0x00000000edb00000, 0x00000000edb00000| Complete 
| 220|0x00000000edc00000, 0x00000000edd00000, 0x00000000edd00000|100%| E|CS|TAMS 0x00000000edc00000, 0x00000000edc00000| Complete 
| 221|0x00000000edd00000, 0x00000000ede00000, 0x00000000ede00000|100%| E|CS|TAMS 0x00000000edd00000, 0x00000000edd00000| Complete 
| 222|0x00000000ede00000, 0x00000000edf00000, 0x00000000edf00000|100%| E|CS|TAMS 0x00000000ede00000, 0x00000000ede00000| Complete 
| 223|0x00000000edf00000, 0x00000000ee000000, 0x00000000ee000000|100%| E|CS|TAMS 0x00000000edf00000, 0x00000000edf00000| Complete 
| 224|0x00000000ee000000, 0x00000000ee100000, 0x00000000ee100000|100%| E|CS|TAMS 0x00000000ee000000, 0x00000000ee000000| Complete 
| 225|0x00000000ee100000, 0x00000000ee200000, 0x00000000ee200000|100%| E|CS|TAMS 0x00000000ee100000, 0x00000000ee100000| Complete 
| 226|0x00000000ee200000, 0x00000000ee300000, 0x00000000ee300000|100%| E|CS|TAMS 0x00000000ee200000, 0x00000000ee200000| Complete 
| 227|0x00000000ee300000, 0x00000000ee400000, 0x00000000ee400000|100%| E|CS|TAMS 0x00000000ee300000, 0x00000000ee300000| Complete 
| 228|0x00000000ee400000, 0x00000000ee500000, 0x00000000ee500000|100%| E|CS|TAMS 0x00000000ee400000, 0x00000000ee400000| Complete 
| 229|0x00000000ee500000, 0x00000000ee600000, 0x00000000ee600000|100%| E|CS|TAMS 0x00000000ee500000, 0x00000000ee500000| Complete 
| 230|0x00000000ee600000, 0x00000000ee700000, 0x00000000ee700000|100%| E|CS|TAMS 0x00000000ee600000, 0x00000000ee600000| Complete 
| 231|0x00000000ee700000, 0x00000000ee800000, 0x00000000ee800000|100%| E|CS|TAMS 0x00000000ee700000, 0x00000000ee700000| Complete 
| 232|0x00000000ee800000, 0x00000000ee900000, 0x00000000ee900000|100%| E|CS|TAMS 0x00000000ee800000, 0x00000000ee800000| Complete 
| 233|0x00000000ee900000, 0x00000000eea00000, 0x00000000eea00000|100%| E|CS|TAMS 0x00000000ee900000, 0x00000000ee900000| Complete 
| 234|0x00000000eea00000, 0x00000000eeb00000, 0x00000000eeb00000|100%| E|CS|TAMS 0x00000000eea00000, 0x00000000eea00000| Complete 
| 235|0x00000000eeb00000, 0x00000000eec00000, 0x00000000eec00000|100%| E|CS|TAMS 0x00000000eeb00000, 0x00000000eeb00000| Complete 
| 236|0x00000000eec00000, 0x00000000eed00000, 0x00000000eed00000|100%| E|CS|TAMS 0x00000000eec00000, 0x00000000eec00000| Complete 
| 237|0x00000000eed00000, 0x00000000eee00000, 0x00000000eee00000|100%| E|CS|TAMS 0x00000000eed00000, 0x00000000eed00000| Complete 
| 238|0x00000000eee00000, 0x00000000eef00000, 0x00000000eef00000|100%| E|CS|TAMS 0x00000000eee00000, 0x00000000eee00000| Complete 
| 239|0x00000000eef00000, 0x00000000ef000000, 0x00000000ef000000|100%| E|CS|TAMS 0x00000000eef00000, 0x00000000eef00000| Complete 
| 240|0x00000000ef000000, 0x00000000ef100000, 0x00000000ef100000|100%| E|CS|TAMS 0x00000000ef000000, 0x00000000ef000000| Complete 
| 241|0x00000000ef100000, 0x00000000ef200000, 0x00000000ef200000|100%| E|CS|TAMS 0x00000000ef100000, 0x00000000ef100000| Complete 
| 242|0x00000000ef200000, 0x00000000ef300000, 0x00000000ef300000|100%| E|CS|TAMS 0x00000000ef200000, 0x00000000ef200000| Complete 
| 243|0x00000000ef300000, 0x00000000ef400000, 0x00000000ef400000|100%| E|CS|TAMS 0x00000000ef300000, 0x00000000ef300000| Complete 
| 244|0x00000000ef400000, 0x00000000ef500000, 0x00000000ef500000|100%| E|CS|TAMS 0x00000000ef400000, 0x00000000ef400000| Complete 
| 245|0x00000000ef500000, 0x00000000ef600000, 0x00000000ef600000|100%| E|CS|TAMS 0x00000000ef500000, 0x00000000ef500000| Complete 
| 246|0x00000000ef600000, 0x00000000ef700000, 0x00000000ef700000|100%| E|CS|TAMS 0x00000000ef600000, 0x00000000ef600000| Complete 
| 247|0x00000000ef700000, 0x00000000ef800000, 0x00000000ef800000|100%| E|CS|TAMS 0x00000000ef700000, 0x00000000ef700000| Complete 
| 248|0x00000000ef800000, 0x00000000ef900000, 0x00000000ef900000|100%| E|CS|TAMS 0x00000000ef800000, 0x00000000ef800000| Complete 
| 249|0x00000000ef900000, 0x00000000efa00000, 0x00000000efa00000|100%| E|CS|TAMS 0x00000000ef900000, 0x00000000ef900000| Complete 
| 250|0x00000000efa00000, 0x00000000efb00000, 0x00000000efb00000|100%| E|CS|TAMS 0x00000000efa00000, 0x00000000efa00000| Complete 
| 251|0x00000000efb00000, 0x00000000efc00000, 0x00000000efc00000|100%| E|CS|TAMS 0x00000000efb00000, 0x00000000efb00000| Complete 
| 252|0x00000000efc00000, 0x00000000efd00000, 0x00000000efd00000|100%| E|CS|TAMS 0x00000000efc00000, 0x00000000efc00000| Complete 
| 253|0x00000000efd00000, 0x00000000efe00000, 0x00000000efe00000|100%| E|CS|TAMS 0x00000000efd00000, 0x00000000efd00000| Complete 
| 254|0x00000000efe00000, 0x00000000eff00000, 0x00000000eff00000|100%| E|CS|TAMS 0x00000000efe00000, 0x00000000efe00000| Complete 
| 255|0x00000000eff00000, 0x00000000f0000000, 0x00000000f0000000|100%| E|CS|TAMS 0x00000000eff00000, 0x00000000eff00000| Complete 

Card table byte_map: [0x000002b7619d0000,0x000002b761ad0000] _byte_map_base: 0x000002b7612d0000

Marking Bits (Prev, Next): (CMBitMap*) 0x000002b748d43920, (CMBitMap*) 0x000002b748d43960
 Prev Bits: [0x000002b761bd0000, 0x000002b7623d0000)
 Next Bits: [0x000002b7623d0000, 0x000002b762bd0000)

Polling page: 0x000002b7474a0000

Metaspace:

Usage:
  Non-class:     35.52 MB used.
      Class:      5.90 MB used.
       Both:     41.41 MB used.

Virtual space:
  Non-class space:       64.00 MB reserved,      35.81 MB ( 56%) committed,  1 nodes.
      Class space:      320.00 MB reserved,       6.12 MB (  2%) committed,  1 nodes.
             Both:      384.00 MB reserved,      41.94 MB ( 11%) committed. 

Chunk freelists:
   Non-Class:  11.38 MB
       Class:  9.91 MB
        Both:  21.28 MB

MaxMetaspaceSize: 384.00 MB
CompressedClassSpaceSize: 320.00 MB
Initial GC threshold: 21.00 MB
Current GC threshold: 58.69 MB
CDS: on
MetaspaceReclaimPolicy: balanced
 - commit_granule_bytes: 65536.
 - commit_granule_words: 8192.
 - virtual_space_node_default_size: 8388608.
 - enlarge_chunks_in_place: 1.
 - new_chunks_are_fully_committed: 0.
 - uncommit_free_chunks: 1.
 - use_allocation_guard: 0.
 - handle_deallocations: 1.


Internal statistics:

num_allocs_failed_limit: 6.
num_arena_births: 538.
num_arena_deaths: 0.
num_vsnodes_births: 2.
num_vsnodes_deaths: 0.
num_space_committed: 671.
num_space_uncommitted: 0.
num_chunks_returned_to_freelist: 6.
num_chunks_taken_from_freelist: 2241.
num_chunk_merges: 6.
num_chunk_splits: 1452.
num_chunks_enlarged: 971.
num_inconsistent_stats: 0.

CodeHeap 'non-profiled nmethods': size=120000Kb used=2497Kb max_used=3040Kb free=117502Kb
 bounds [0x000002b759710000, 0x000002b759a10000, 0x000002b760c40000]
CodeHeap 'profiled nmethods': size=120000Kb used=8374Kb max_used=9020Kb free=111625Kb
 bounds [0x000002b751c40000, 0x000002b752510000, 0x000002b759170000]
CodeHeap 'non-nmethods': size=5760Kb used=2312Kb max_used=2366Kb free=3447Kb
 bounds [0x000002b759170000, 0x000002b7593e0000, 0x000002b759710000]
 total_blobs=5172 nmethods=4350 adapters=734
 compilation: enabled
              stopped_count=0, restarted_count=0
 full_count=0

Compilation events (20 events):
Event: 8.041 Thread 0x000002b701951920 nmethod 5107 0x000002b759731510 code [0x000002b7597316c0, 0x000002b759731e28]
Event: 8.041 Thread 0x000002b7022fe650 nmethod 5106 0x000002b759730a90 code [0x000002b759730c20, 0x000002b759731388]
Event: 8.639 Thread 0x000002b7022fe650 5108       4       java.util.concurrent.locks.ReentrantLock::unlock (10 bytes)
Event: 9.061 Thread 0x000002b7022fe650 nmethod 5108 0x000002b759730490 code [0x000002b759730620, 0x000002b759730808]
Event: 9.152 Thread 0x000002b76586d830 5109       3       java.util.concurrent.locks.AbstractQueuedSynchronizer$ConditionObject::unlinkCancelledWaiters (91 bytes)
Event: 9.152 Thread 0x000002b76586d830 nmethod 5109 0x000002b751dbf490 code [0x000002b751dbf660, 0x000002b751dbfaf8]
Event: 9.213 Thread 0x000002b76586d830 5110   !   3       java.util.stream.ReferencePipeline$7$1::accept (127 bytes)
Event: 9.213 Thread 0x000002b76586d830 nmethod 5110 0x000002b752238010 code [0x000002b7522382a0, 0x000002b752239238]
Event: 9.213 Thread 0x000002b76586d830 5111       3       java.util.stream.AbstractPipeline::close (48 bytes)
Event: 9.214 Thread 0x000002b76586d830 nmethod 5111 0x000002b751dbef10 code [0x000002b751dbf0c0, 0x000002b751dbf368]
Event: 9.637 Thread 0x000002b76586d830 5113   !   3       java.util.concurrent.LinkedBlockingQueue::poll (128 bytes)
Event: 9.638 Thread 0x000002b76586d830 nmethod 5113 0x000002b751c7c110 code [0x000002b751c7c500, 0x000002b751c7e218]
Event: 10.214 Thread 0x000002b76586d830 5114       1       javax.management.ObjectName$Property::setKeyIndex (6 bytes)
Event: 10.214 Thread 0x000002b76586d830 nmethod 5114 0x000002b759764510 code [0x000002b7597646a0, 0x000002b759764778]
Event: 10.214 Thread 0x000002b76586d830 5115       3       java.util.stream.ReferencePipeline$Head::forEach (26 bytes)
Event: 10.214 Thread 0x000002b76586d830 nmethod 5115 0x000002b751dbe110 code [0x000002b751dbe340, 0x000002b751dbea58]
Event: 10.214 Thread 0x000002b76586d830 5116       3       java.util.stream.AbstractPipeline::sourceStageSpliterator (112 bytes)
Event: 10.214 Thread 0x000002b76586d830 nmethod 5116 0x000002b752237490 code [0x000002b7522376a0, 0x000002b752237d98]
Event: 10.214 Thread 0x000002b76586d830 5117       1       sun.management.MemoryPoolImpl::getName (5 bytes)
Event: 10.214 Thread 0x000002b76586d830 nmethod 5117 0x000002b7597a8790 code [0x000002b7597a8920, 0x000002b7597a89f8]

GC Heap History (10 events):
Event: 1.874 GC heap before
{Heap before GC invocations=0 (full 0):
 garbage-first heap   total 262144K, used 22528K [0x00000000e0000000, 0x0000000100000000)
  region size 1024K, 23 young (23552K), 0 survivors (0K)
 Metaspace       used 1091K, committed 1216K, reserved 393216K
  class space    used 74K, committed 128K, reserved 327680K
}
Event: 1.875 GC heap after
{Heap after GC invocations=1 (full 0):
 garbage-first heap   total 262144K, used 2634K [0x00000000e0000000, 0x0000000100000000)
  region size 1024K, 3 young (3072K), 3 survivors (3072K)
 Metaspace       used 1091K, committed 1216K, reserved 393216K
  class space    used 74K, committed 128K, reserved 327680K
}
Event: 2.482 GC heap before
{Heap before GC invocations=1 (full 0):
 garbage-first heap   total 262144K, used 39498K [0x00000000e0000000, 0x0000000100000000)
  region size 1024K, 37 young (37888K), 3 survivors (3072K)
 Metaspace       used 4424K, committed 4608K, reserved 393216K
  class space    used 550K, committed 640K, reserved 327680K
}
Event: 2.485 GC heap after
{Heap after GC invocations=2 (full 0):
 garbage-first heap   total 262144K, used 10947K [0x00000000e0000000, 0x0000000100000000)
  region size 1024K, 5 young (5120K), 5 survivors (5120K)
 Metaspace       used 4424K, committed 4608K, reserved 393216K
  class space    used 550K, committed 640K, reserved 327680K
}
Event: 3.052 GC heap before
{Heap before GC invocations=2 (full 0):
 garbage-first heap   total 262144K, used 61123K [0x00000000e0000000, 0x0000000100000000)
  region size 1024K, 52 young (53248K), 5 survivors (5120K)
 Metaspace       used 5100K, committed 5312K, reserved 393216K
  class space    used 669K, committed 768K, reserved 327680K
}
Event: 3.055 GC heap after
{Heap after GC invocations=3 (full 0):
 garbage-first heap   total 262144K, used 16412K [0x00000000e0000000, 0x0000000100000000)
  region size 1024K, 7 young (7168K), 7 survivors (7168K)
 Metaspace       used 5100K, committed 5312K, reserved 393216K
  class space    used 669K, committed 768K, reserved 327680K
}
Event: 5.354 GC heap before
{Heap before GC invocations=3 (full 0):
 garbage-first heap   total 262144K, used 123932K [0x00000000e0000000, 0x0000000100000000)
  region size 1024K, 113 young (115712K), 7 survivors (7168K)
 Metaspace       used 21196K, committed 21504K, reserved 393216K
  class space    used 3106K, committed 3264K, reserved 327680K
}
Event: 5.360 GC heap after
{Heap after GC invocations=4 (full 0):
 garbage-first heap   total 262144K, used 23822K [0x00000000e0000000, 0x0000000100000000)
  region size 1024K, 15 young (15360K), 15 survivors (15360K)
 Metaspace       used 21196K, committed 21504K, reserved 393216K
  class space    used 3106K, committed 3264K, reserved 327680K
}
Event: 7.012 GC heap before
{Heap before GC invocations=5 (full 0):
 garbage-first heap   total 262144K, used 145678K [0x00000000e0000000, 0x0000000100000000)
  region size 1024K, 131 young (134144K), 15 survivors (15360K)
 Metaspace       used 35550K, committed 35968K, reserved 393216K
  class space    used 4938K, committed 5120K, reserved 327680K
}
Event: 7.023 GC heap after
{Heap after GC invocations=6 (full 0):
 garbage-first heap   total 262144K, used 32490K [0x00000000e0000000, 0x0000000100000000)
  region size 1024K, 16 young (16384K), 16 survivors (16384K)
 Metaspace       used 35550K, committed 35968K, reserved 393216K
  class space    used 4938K, committed 5120K, reserved 327680K
}

Dll operation events (15 events):
Event: 0.009 Loaded shared library C:\Users\andre\.jdks\liberica-full-17.0.13\bin\java.dll
Event: 0.108 Loaded shared library C:\Users\andre\.jdks\liberica-full-17.0.13\bin\jsvml.dll
Event: 1.091 Loaded shared library C:\Users\andre\.jdks\liberica-full-17.0.13\bin\zip.dll
Event: 1.538 Loaded shared library C:\Users\andre\.jdks\liberica-full-17.0.13\bin\instrument.dll
Event: 1.541 Loaded shared library C:\Users\andre\.jdks\liberica-full-17.0.13\bin\net.dll
Event: 1.542 Loaded shared library C:\Users\andre\.jdks\liberica-full-17.0.13\bin\nio.dll
Event: 1.543 Loaded shared library C:\Users\andre\.jdks\liberica-full-17.0.13\bin\zip.dll
Event: 1.781 Loaded shared library C:\Users\andre\.jdks\liberica-full-17.0.13\bin\jimage.dll
Event: 2.014 Loaded shared library C:\Users\andre\.jdks\liberica-full-17.0.13\bin\verify.dll
Event: 2.117 Loaded shared library C:\Users\andre\.gradle\native\1def1411415f61bf3af743bc5b6707747c0891f09f0c88961ee8f79bc544acac\windows-amd64\native-platform.dll
Event: 2.130 Loaded shared library C:\Users\andre\.gradle\native\0.2.7\x86_64-windows-gnu\gradle-fileevents.dll
Event: 3.163 Loaded shared library C:\Users\andre\.jdks\liberica-full-17.0.13\bin\management.dll
Event: 3.169 Loaded shared library C:\Users\andre\.jdks\liberica-full-17.0.13\bin\management_ext.dll
Event: 3.356 Loaded shared library C:\Users\andre\.jdks\liberica-full-17.0.13\bin\extnet.dll
Event: 3.567 Loaded shared library C:\Users\andre\.jdks\liberica-full-17.0.13\bin\sunmscapi.dll

Deoptimization events (20 events):
Event: 7.878 Thread 0x000002b701752730 Uncommon trap: trap_request=0xffffff45 fr.pc=0x000002b75988d2f8 relative=0x0000000000000538
Event: 7.878 Thread 0x000002b701752730 Uncommon trap: reason=unstable_if action=reinterpret pc=0x000002b75988d2f8 method=java.util.HashMap.getNode(Ljava/lang/Object;)Ljava/util/HashMap$Node; @ 85 c2
Event: 7.878 Thread 0x000002b701752730 DEOPT PACKING pc=0x000002b75988d2f8 sp=0x000000f8b2df8ad0
Event: 7.878 Thread 0x000002b701752730 DEOPT UNPACKING pc=0x000002b7591c69a3 sp=0x000000f8b2df89d0 mode 2
Event: 7.878 Thread 0x000002b701752730 Uncommon trap: trap_request=0xffffff45 fr.pc=0x000002b75992fcbc relative=0x000000000000075c
Event: 7.878 Thread 0x000002b701752730 Uncommon trap: reason=unstable_if action=reinterpret pc=0x000002b75992fcbc method=java.util.HashMap.putVal(ILjava/lang/Object;Ljava/lang/Object;ZZ)Ljava/lang/Object; @ 109 c2
Event: 7.878 Thread 0x000002b701752730 DEOPT PACKING pc=0x000002b75992fcbc sp=0x000000f8b2df8a90
Event: 7.878 Thread 0x000002b701752730 DEOPT UNPACKING pc=0x000002b7591c69a3 sp=0x000000f8b2df89a8 mode 2
Event: 7.878 Thread 0x000002b701752730 Uncommon trap: trap_request=0xffffff45 fr.pc=0x000002b75972b6ec relative=0x000000000000098c
Event: 7.878 Thread 0x000002b701752730 Uncommon trap: reason=unstable_if action=reinterpret pc=0x000002b75972b6ec method=java.util.HashMap.resize()[Ljava/util/HashMap$Node; @ 203 c2
Event: 7.878 Thread 0x000002b701752730 DEOPT PACKING pc=0x000002b75972b6ec sp=0x000000f8b2df8940
Event: 7.878 Thread 0x000002b701752730 DEOPT UNPACKING pc=0x000002b7591c69a3 sp=0x000000f8b2df88e0 mode 2
Event: 7.878 Thread 0x000002b701752730 Uncommon trap: trap_request=0xffffff45 fr.pc=0x000002b75994d4cc relative=0x000000000000022c
Event: 7.878 Thread 0x000002b701752730 Uncommon trap: reason=unstable_if action=reinterpret pc=0x000002b75994d4cc method=java.util.HashMap.getNode(Ljava/lang/Object;)Ljava/util/HashMap$Node; @ 85 c2
Event: 7.878 Thread 0x000002b701752730 DEOPT PACKING pc=0x000002b75994d4cc sp=0x000000f8b2df8a40
Event: 7.878 Thread 0x000002b701752730 DEOPT UNPACKING pc=0x000002b7591c69a3 sp=0x000000f8b2df89c0 mode 2
Event: 7.878 Thread 0x000002b701752730 Uncommon trap: trap_request=0xffffff45 fr.pc=0x000002b75992cc40 relative=0x00000000000006e0
Event: 7.878 Thread 0x000002b701752730 Uncommon trap: reason=unstable_if action=reinterpret pc=0x000002b75992cc40 method=java.util.HashMap.putVal(ILjava/lang/Object;Ljava/lang/Object;ZZ)Ljava/lang/Object; @ 109 c2
Event: 7.878 Thread 0x000002b701752730 DEOPT PACKING pc=0x000002b75992cc40 sp=0x000000f8b2df89e0
Event: 7.878 Thread 0x000002b701752730 DEOPT UNPACKING pc=0x000002b7591c69a3 sp=0x000000f8b2df8998 mode 2

Classes loaded (20 events):
Event: 7.523 Loading class java/util/stream/SortedOps$AbstractRefSortingSink done
Event: 7.523 Loading class java/util/stream/SortedOps$SizedRefSortingSink done
Event: 7.574 Loading class sun/misc/SharedSecrets
Event: 7.574 Loading class sun/misc/SharedSecrets done
Event: 7.666 Loading class jdk/internal/reflect/UnsafeQualifiedStaticBooleanFieldAccessorImpl
Event: 7.666 Loading class jdk/internal/reflect/UnsafeQualifiedStaticBooleanFieldAccessorImpl done
Event: 7.681 Loading class java/util/BitSet$1BitSetSpliterator
Event: 7.681 Loading class java/util/BitSet$1BitSetSpliterator done
Event: 7.687 Loading class sun/nio/fs/WindowsException
Event: 7.688 Loading class sun/nio/fs/WindowsException done
Event: 7.863 Loading class java/io/FileWriter
Event: 7.863 Loading class java/io/FileWriter done
Event: 7.935 Loading class sun/reflect/generics/tree/BooleanSignature
Event: 7.936 Loading class sun/reflect/generics/tree/BooleanSignature done
Event: 7.944 Loading class org/xml/sax/SAXParseException
Event: 7.945 Loading class org/xml/sax/SAXParseException done
Event: 7.945 Loading class org/xml/sax/Attributes
Event: 7.945 Loading class org/xml/sax/Attributes done
Event: 7.946 Loading class org/xml/sax/Locator
Event: 7.946 Loading class org/xml/sax/Locator done

Classes unloaded (0 events):
No events

Classes redefined (0 events):
No events

Internal exceptions (20 events):
Event: 7.688 Thread 0x000002b701752730 Exception <a 'sun/nio/fs/WindowsException'{0x00000000ec990088}> (0x00000000ec990088) 
thrown [s\src\hotspot\share\prims\jni.cpp, line 516]
Event: 7.689 Thread 0x000002b701752730 Exception <a 'sun/nio/fs/WindowsException'{0x00000000ec991620}> (0x00000000ec991620) 
thrown [s\src\hotspot\share\prims\jni.cpp, line 516]
Event: 7.699 Thread 0x000002b701752730 Exception <a 'java/lang/IncompatibleClassChangeError'{0x00000000ec9d8a10}: Found class java.lang.Object, but interface was expected> (0x00000000ec9d8a10) 
thrown [s\src\hotspot\share\interpreter\linkResolver.cpp, line 826]
Event: 7.710 Thread 0x000002b701752730 Exception <a 'java/lang/ClassNotFoundException'{0x00000000ec8e8258}: settings_bt59elkynsd029ie8fbw63438BeanInfo> (0x00000000ec8e8258) 
thrown [s\src\hotspot\share\classfile\systemDictionary.cpp, line 256]
Event: 7.711 Thread 0x000002b701752730 Exception <a 'java/lang/ClassNotFoundException'{0x00000000ec8f30f0}: org/gradle/initialization/SettingsScriptBeanInfo> (0x00000000ec8f30f0) 
thrown [s\src\hotspot\share\classfile\systemDictionary.cpp, line 256]
Event: 7.711 Thread 0x000002b701752730 Exception <a 'java/lang/ClassNotFoundException'{0x00000000ec8fe440}: org/gradle/plugin/use/internal/PluginsAwareScriptBeanInfo> (0x00000000ec8fe440) 
thrown [s\src\hotspot\share\classfile\systemDictionary.cpp, line 256]
Event: 7.711 Thread 0x000002b701752730 Exception <a 'java/lang/ClassNotFoundException'{0x00000000ec70a198}: org/gradle/plugin/use/internal/PluginsAwareScriptCustomizer> (0x00000000ec70a198) 
thrown [s\src\hotspot\share\classfile\systemDictionary.cpp, line 256]
Event: 7.712 Thread 0x000002b701752730 Exception <a 'java/lang/ClassNotFoundException'{0x00000000ec71d378}: org/gradle/initialization/SettingsScriptCustomizer> (0x00000000ec71d378) 
thrown [s\src\hotspot\share\classfile\systemDictionary.cpp, line 256]
Event: 7.712 Thread 0x000002b701752730 Exception <a 'java/lang/ClassNotFoundException'{0x00000000ec72b618}: settings_bt59elkynsd029ie8fbw63438Customizer> (0x00000000ec72b618) 
thrown [s\src\hotspot\share\classfile\systemDictionary.cpp, line 256]
Event: 7.717 Thread 0x000002b701752730 Exception <a 'java/lang/ClassNotFoundException'{0x00000000ec7bc900}: org/gradle/initialization/DefaultSettings_DecoratedBeanInfo> (0x00000000ec7bc900) 
thrown [s\src\hotspot\share\classfile\systemDictionary.cpp, line 256]
Event: 7.717 Thread 0x000002b701752730 Exception <a 'java/lang/ClassNotFoundException'{0x00000000ec7cc0b8}: org/gradle/initialization/DefaultSettingsBeanInfo> (0x00000000ec7cc0b8) 
thrown [s\src\hotspot\share\classfile\systemDictionary.cpp, line 256]
Event: 7.717 Thread 0x000002b701752730 Exception <a 'java/lang/ClassNotFoundException'{0x00000000ec7db308}: org/gradle/initialization/DefaultSettingsCustomizer> (0x00000000ec7db308) 
thrown [s\src\hotspot\share\classfile\systemDictionary.cpp, line 256]
Event: 7.720 Thread 0x000002b701752730 Exception <a 'java/lang/ClassNotFoundException'{0x00000000ec623100}: org/gradle/initialization/DefaultSettings_DecoratedCustomizer> (0x00000000ec623100) 
thrown [s\src\hotspot\share\classfile\systemDictionary.cpp, line 256]
Event: 7.723 Thread 0x000002b701752730 Exception <a 'java/lang/ClassNotFoundException'{0x00000000ec69ce80}: org/gradle/initialization/DefaultProjectDescriptorBeanInfo> (0x00000000ec69ce80) 
thrown [s\src\hotspot\share\classfile\systemDictionary.cpp, line 256]
Event: 7.724 Thread 0x000002b701752730 Exception <a 'java/lang/ClassNotFoundException'{0x00000000ec6abdb8}: org/gradle/initialization/DefaultProjectDescriptorCustomizer> (0x00000000ec6abdb8) 
thrown [s\src\hotspot\share\classfile\systemDictionary.cpp, line 256]
Event: 7.728 Thread 0x000002b701752730 Exception <a 'java/lang/NoSuchMethodError'{0x00000000ec6fa9f8}: 'void java.lang.invoke.DirectMethodHandle$Holder.invokeInterface(java.lang.Object, java.lang.Object)'> (0x00000000ec6fa9f8) 
thrown [s\src\hotspot\share\interpreter\linkResolver.cpp, line 759]
Event: 7.933 Thread 0x000002b701752730 Exception <a 'java/lang/ClassNotFoundException'{0x00000000ebc5c690}: org/gradle/api/internal/project/DefaultProject_DecoratedBeanInfo> (0x00000000ebc5c690) 
thrown [s\src\hotspot\share\classfile\systemDictionary.cpp, line 256]
Event: 7.933 Thread 0x000002b701752730 Exception <a 'java/lang/ClassNotFoundException'{0x00000000ebc69dd8}: org/gradle/api/internal/project/DefaultProjectBeanInfo> (0x00000000ebc69dd8) 
thrown [s\src\hotspot\share\classfile\systemDictionary.cpp, line 256]
Event: 7.934 Thread 0x000002b701752730 Exception <a 'java/lang/ClassNotFoundException'{0x00000000ebc775d8}: org/gradle/api/internal/project/DefaultProjectCustomizer> (0x00000000ebc775d8) 
thrown [s\src\hotspot\share\classfile\systemDictionary.cpp, line 256]
Event: 7.941 Thread 0x000002b701752730 Exception <a 'java/lang/ClassNotFoundException'{0x00000000ebb2aba0}: org/gradle/api/internal/project/DefaultProject_DecoratedCustomizer> (0x00000000ebb2aba0) 
thrown [s\src\hotspot\share\classfile\systemDictionary.cpp, line 256]

VM Operations (20 events):
Event: 7.347 Executing VM operation: HandshakeAllThreads
Event: 7.347 Executing VM operation: HandshakeAllThreads done
Event: 7.347 Executing VM operation: HandshakeAllThreads
Event: 7.347 Executing VM operation: HandshakeAllThreads done
Event: 7.378 Executing VM operation: HandshakeAllThreads
Event: 7.378 Executing VM operation: HandshakeAllThreads done
Event: 7.399 Executing VM operation: HandshakeAllThreads
Event: 7.399 Executing VM operation: HandshakeAllThreads done
Event: 7.532 Executing VM operation: ICBufferFull
Event: 7.532 Executing VM operation: ICBufferFull done
Event: 7.719 Executing VM operation: ICBufferFull
Event: 7.719 Executing VM operation: ICBufferFull done
Event: 7.864 Executing VM operation: HandshakeAllThreads
Event: 7.864 Executing VM operation: HandshakeAllThreads done
Event: 8.872 Executing VM operation: Cleanup
Event: 8.873 Executing VM operation: Cleanup done
Event: 9.887 Executing VM operation: Cleanup
Event: 10.089 Executing VM operation: Cleanup done
Event: 11.098 Executing VM operation: Cleanup
Event: 11.098 Executing VM operation: Cleanup done

Memory protections (0 events):
No events

Nmethod flushes (20 events):
Event: 7.403 Thread 0x000002b76599e860 flushing  nmethod 0x000002b75232f390
Event: 7.403 Thread 0x000002b76599e860 flushing  nmethod 0x000002b752331210
Event: 7.403 Thread 0x000002b76599e860 flushing  nmethod 0x000002b752331890
Event: 7.403 Thread 0x000002b76599e860 flushing  nmethod 0x000002b752343510
Event: 7.403 Thread 0x000002b76599e860 flushing  nmethod 0x000002b752352710
Event: 7.403 Thread 0x000002b76599e860 flushing  nmethod 0x000002b752359110
Event: 7.403 Thread 0x000002b76599e860 flushing  nmethod 0x000002b752359c90
Event: 7.403 Thread 0x000002b76599e860 flushing  nmethod 0x000002b75235a490
Event: 7.403 Thread 0x000002b76599e860 flushing  nmethod 0x000002b75235af10
Event: 7.403 Thread 0x000002b76599e860 flushing  nmethod 0x000002b75235b490
Event: 7.403 Thread 0x000002b76599e860 flushing  nmethod 0x000002b752361f90
Event: 7.403 Thread 0x000002b76599e860 flushing  nmethod 0x000002b75236a390
Event: 7.403 Thread 0x000002b76599e860 flushing  nmethod 0x000002b752383010
Event: 7.403 Thread 0x000002b76599e860 flushing  nmethod 0x000002b7523a4590
Event: 7.403 Thread 0x000002b76599e860 flushing  nmethod 0x000002b7523b8590
Event: 7.403 Thread 0x000002b76599e860 flushing  nmethod 0x000002b75242d590
Event: 7.403 Thread 0x000002b76599e860 flushing  nmethod 0x000002b752431e90
Event: 7.403 Thread 0x000002b76599e860 flushing  nmethod 0x000002b752447890
Event: 7.403 Thread 0x000002b76599e860 flushing  nmethod 0x000002b752459a10
Event: 7.403 Thread 0x000002b76599e860 flushing  nmethod 0x000002b7524a9090

Events (20 events):
Event: 5.687 Thread 0x000002b701752730 Thread added: 0x000002b70241df90
Event: 5.796 Thread 0x000002b76586d830 Thread added: 0x000002b7022fe650
Event: 6.411 Thread 0x000002b701752730 Thread added: 0x000002b702420300
Event: 6.439 Thread 0x000002b701752730 Thread added: 0x000002b70241da80
Event: 6.590 Thread 0x000002b701752730 Thread added: 0x000002b70241e9b0
Event: 6.931 Thread 0x000002b701752730 Thread added: 0x000002b70241f8e0
Event: 6.983 Thread 0x000002b701752730 Thread added: 0x000002b70241f3d0
Event: 7.460 Thread 0x000002b701752730 Thread added: 0x000002b70241fdf0
Event: 7.497 Thread 0x000002b701752730 Thread added: 0x000002b700a677b0
Event: 7.558 Thread 0x000002b701752730 Thread added: 0x000002b700a69610
Event: 7.596 Thread 0x000002b701752730 Thread added: 0x000002b700a67cc0
Event: 7.616 Thread 0x000002b701752730 Thread added: 0x000002b700a66880
Event: 7.617 Thread 0x000002b701752730 Thread added: 0x000002b700a681d0
Event: 7.622 Thread 0x000002b701752730 Thread added: 0x000002b700a66d90
Event: 7.622 Thread 0x000002b701752730 Thread added: 0x000002b700a68bf0
Event: 7.647 Thread 0x000002b701752730 Thread added: 0x000002b700a69100
Event: 7.695 Thread 0x000002b701752730 Thread added: 0x000002b700a686e0
Event: 7.704 Thread 0x000002b701752730 Thread added: 0x000002b700a66370
Event: 10.089 Thread 0x000002b7022fe650 Thread exited: 0x000002b7022fe650
Event: 10.089 Thread 0x000002b701951920 Thread exited: 0x000002b701951920


Dynamic libraries:
0x00007ff6c1fd0000 - 0x00007ff6c1fde000 	C:\Users\andre\.jdks\liberica-full-17.0.13\bin\java.exe
0x00007ffdc9dc0000 - 0x00007ffdca025000 	C:\WINDOWS\SYSTEM32\ntdll.dll
0x00007ffdc8a40000 - 0x00007ffdc8b09000 	C:\WINDOWS\System32\KERNEL32.DLL
0x00007ffdc7370000 - 0x00007ffdc7758000 	C:\WINDOWS\System32\KERNELBASE.dll
0x00007ffdc78e0000 - 0x00007ffdc7a2b000 	C:\WINDOWS\System32\ucrtbase.dll
0x00007ffda5a50000 - 0x00007ffda5a67000 	C:\Users\andre\.jdks\liberica-full-17.0.13\bin\jli.dll
0x00007ffda0c90000 - 0x00007ffda0cab000 	C:\Users\andre\.jdks\liberica-full-17.0.13\bin\VCRUNTIME140.dll
0x00007ffdc9a30000 - 0x00007ffdc9bfa000 	C:\WINDOWS\System32\USER32.dll
0x00007ffdc6fd0000 - 0x00007ffdc6ff7000 	C:\WINDOWS\System32\win32u.dll
0x00007ffda8f40000 - 0x00007ffda91da000 	C:\WINDOWS\WinSxS\amd64_microsoft.windows.common-controls_6595b64144ccf1df_6.0.26100.4202_none_3e0698d4e335f517\COMCTL32.dll
0x00007ffdc8200000 - 0x00007ffdc822b000 	C:\WINDOWS\System32\GDI32.dll
0x00007ffdc8110000 - 0x00007ffdc81b9000 	C:\WINDOWS\System32\msvcrt.dll
0x00007ffdc70b0000 - 0x00007ffdc71e7000 	C:\WINDOWS\System32\gdi32full.dll
0x00007ffdc7000000 - 0x00007ffdc70a3000 	C:\WINDOWS\System32\msvcp_win.dll
0x00007ffdc81c0000 - 0x00007ffdc81f0000 	C:\WINDOWS\System32\IMM32.DLL
0x00007ffdaf1c0000 - 0x00007ffdaf1cc000 	C:\Users\andre\.jdks\liberica-full-17.0.13\bin\vcruntime140_1.dll
0x00007ffd8edd0000 - 0x00007ffd8ee5e000 	C:\Users\andre\.jdks\liberica-full-17.0.13\bin\msvcp140.dll
0x00007ffd55530000 - 0x00007ffd561a0000 	C:\Users\andre\.jdks\liberica-full-17.0.13\bin\server\jvm.dll
0x00007ffdc92f0000 - 0x00007ffdc93a3000 	C:\WINDOWS\System32\ADVAPI32.dll
0x00007ffdc7bc0000 - 0x00007ffdc7c66000 	C:\WINDOWS\System32\sechost.dll
0x00007ffdc88d0000 - 0x00007ffdc89e5000 	C:\WINDOWS\System32\RPCRT4.dll
0x00007ffdc7f90000 - 0x00007ffdc8004000 	C:\WINDOWS\System32\WS2_32.dll
0x00007ffdc6d60000 - 0x00007ffdc6dbe000 	C:\WINDOWS\SYSTEM32\POWRPROF.dll
0x00007ffdc0d30000 - 0x00007ffdc0d3b000 	C:\WINDOWS\SYSTEM32\VERSION.dll
0x00007ffdbd5c0000 - 0x00007ffdbd5f5000 	C:\WINDOWS\SYSTEM32\WINMM.dll
0x00007ffdc6d40000 - 0x00007ffdc6d54000 	C:\WINDOWS\SYSTEM32\UMPDC.dll
0x00007ffdc5c60000 - 0x00007ffdc5c7b000 	C:\WINDOWS\SYSTEM32\kernel.appcore.dll
0x00007ffdaf080000 - 0x00007ffdaf08a000 	C:\Users\andre\.jdks\liberica-full-17.0.13\bin\jimage.dll
0x00007ffdbc0c0000 - 0x00007ffdbc301000 	C:\WINDOWS\SYSTEM32\DBGHELP.DLL
0x00007ffdc83e0000 - 0x00007ffdc8765000 	C:\WINDOWS\System32\combase.dll
0x00007ffdc87e0000 - 0x00007ffdc88c1000 	C:\WINDOWS\System32\OLEAUT32.dll
0x00007ffda40e0000 - 0x00007ffda4119000 	C:\WINDOWS\SYSTEM32\dbgcore.DLL
0x00007ffdc7ac0000 - 0x00007ffdc7b59000 	C:\WINDOWS\System32\bcryptPrimitives.dll
0x00007ffda6de0000 - 0x00007ffda6dee000 	C:\Users\andre\.jdks\liberica-full-17.0.13\bin\instrument.dll
0x00007ffda0030000 - 0x00007ffda0055000 	C:\Users\andre\.jdks\liberica-full-17.0.13\bin\java.dll
0x00007ffd8ecf0000 - 0x00007ffd8edc7000 	C:\Users\andre\.jdks\liberica-full-17.0.13\bin\jsvml.dll
0x00007ffdc8b10000 - 0x00007ffdc9252000 	C:\WINDOWS\System32\SHELL32.dll
0x00007ffdc71f0000 - 0x00007ffdc7364000 	C:\WINDOWS\System32\wintypes.dll
0x00007ffdc4b20000 - 0x00007ffdc5378000 	C:\WINDOWS\SYSTEM32\windows.storage.dll
0x00007ffdc7ce0000 - 0x00007ffdc7dd1000 	C:\WINDOWS\System32\SHCORE.dll
0x00007ffdc8770000 - 0x00007ffdc87da000 	C:\WINDOWS\System32\shlwapi.dll
0x00007ffdc6e20000 - 0x00007ffdc6e4f000 	C:\WINDOWS\SYSTEM32\profapi.dll
0x00007ffd9fbe0000 - 0x00007ffd9fbf8000 	C:\Users\andre\.jdks\liberica-full-17.0.13\bin\zip.dll
0x00007ffd95740000 - 0x00007ffd95759000 	C:\Users\andre\.jdks\liberica-full-17.0.13\bin\net.dll
0x00007ffdc0e00000 - 0x00007ffdc0f1e000 	C:\WINDOWS\SYSTEM32\WINHTTP.dll
0x00007ffdc61b0000 - 0x00007ffdc621a000 	C:\WINDOWS\system32\mswsock.dll
0x00007ffd95720000 - 0x00007ffd95736000 	C:\Users\andre\.jdks\liberica-full-17.0.13\bin\nio.dll
0x00007ffda6cf0000 - 0x00007ffda6d00000 	C:\Users\andre\.jdks\liberica-full-17.0.13\bin\verify.dll
0x00007ffda4bb0000 - 0x00007ffda4bd7000 	C:\Users\andre\.gradle\native\1def1411415f61bf3af743bc5b6707747c0891f09f0c88961ee8f79bc544acac\windows-amd64\native-platform.dll
0x00007ffd8ec70000 - 0x00007ffd8ece8000 	C:\Users\andre\.gradle\native\0.2.7\x86_64-windows-gnu\gradle-fileevents.dll
0x00007ffda0020000 - 0x00007ffda002a000 	C:\Users\andre\.jdks\liberica-full-17.0.13\bin\management.dll
0x00007ffd9fcb0000 - 0x00007ffd9fcbb000 	C:\Users\andre\.jdks\liberica-full-17.0.13\bin\management_ext.dll
0x00007ffdc7cd0000 - 0x00007ffdc7cd8000 	C:\WINDOWS\System32\PSAPI.DLL
0x00007ffdc5670000 - 0x00007ffdc56a3000 	C:\WINDOWS\SYSTEM32\IPHLPAPI.DLL
0x00007ffdc93b0000 - 0x00007ffdc93ba000 	C:\WINDOWS\System32\NSI.dll
0x00007ffdc0dd0000 - 0x00007ffdc0def000 	C:\WINDOWS\SYSTEM32\dhcpcsvc6.DLL
0x00007ffdc0da0000 - 0x00007ffdc0dc5000 	C:\WINDOWS\SYSTEM32\dhcpcsvc.DLL
0x00007ffdc5700000 - 0x00007ffdc5827000 	C:\WINDOWS\SYSTEM32\DNSAPI.dll
0x00007ffd9bc70000 - 0x00007ffd9bc79000 	C:\Users\andre\.jdks\liberica-full-17.0.13\bin\extnet.dll
0x00007ffdc6590000 - 0x00007ffdc65ab000 	C:\WINDOWS\SYSTEM32\CRYPTSP.dll
0x00007ffdc5bc0000 - 0x00007ffdc5bfa000 	C:\WINDOWS\system32\rsaenh.dll
0x00007ffdc6250000 - 0x00007ffdc627b000 	C:\WINDOWS\SYSTEM32\USERENV.dll
0x00007ffdc6df0000 - 0x00007ffdc6e16000 	C:\WINDOWS\SYSTEM32\bcrypt.dll
0x00007ffdc63f0000 - 0x00007ffdc63fc000 	C:\WINDOWS\SYSTEM32\CRYPTBASE.dll
0x00007ffd9ace0000 - 0x00007ffd9acee000 	C:\Users\andre\.jdks\liberica-full-17.0.13\bin\sunmscapi.dll
0x00007ffdc7760000 - 0x00007ffdc78d7000 	C:\WINDOWS\System32\CRYPT32.dll
0x00007ffdc6710000 - 0x00007ffdc6740000 	C:\WINDOWS\SYSTEM32\ncrypt.dll
0x00007ffdc66c0000 - 0x00007ffdc66ff000 	C:\WINDOWS\SYSTEM32\NTASN1.dll
0x00007ffda0ec0000 - 0x00007ffda0ec8000 	C:\WINDOWS\system32\wshunix.dll

dbghelp: loaded successfully - version: 4.0.5 - missing functions: none
symbol engine: initialized successfully - sym options: 0x614 - pdb path: .;C:\Users\andre\.jdks\liberica-full-17.0.13\bin;C:\WINDOWS\SYSTEM32;C:\WINDOWS\WinSxS\amd64_microsoft.windows.common-controls_6595b64144ccf1df_6.0.26100.4202_none_3e0698d4e335f517;C:\Users\andre\.jdks\liberica-full-17.0.13\bin\server;C:\Users\andre\.gradle\native\1def1411415f61bf3af743bc5b6707747c0891f09f0c88961ee8f79bc544acac\windows-amd64;C:\Users\andre\.gradle\native\0.2.7\x86_64-windows-gnu

VM Arguments:
jvm_args: --add-opens=java.base/java.lang=ALL-UNNAMED --add-opens=java.base/java.lang.invoke=ALL-UNNAMED --add-opens=java.base/java.util=ALL-UNNAMED --add-opens=java.prefs/java.util.prefs=ALL-UNNAMED --add-exports=jdk.compiler/com.sun.tools.javac.api=ALL-UNNAMED --add-exports=jdk.compiler/com.sun.tools.javac.util=ALL-UNNAMED --add-opens=java.base/java.util=ALL-UNNAMED --add-opens=java.prefs/java.util.prefs=ALL-UNNAMED --add-opens=java.base/java.nio.charset=ALL-UNNAMED --add-opens=java.base/java.net=ALL-UNNAMED --add-opens=java.base/java.util.concurrent.atomic=ALL-UNNAMED --add-opens=java.xml/javax.xml.namespace=ALL-UNNAMED -XX:MaxMetaspaceSize=384m -XX:+HeapDumpOnOutOfMemoryError -Xms256m -Xmx512m -Dfile.encoding=UTF-8 -Duser.country=RU -Duser.language=ru -Duser.variant -javaagent:C:\Users\andre\.gradle\wrapper\dists\gradle-8.13-bin\5xuhj0ry160q40clulazy9h7d\gradle-8.13\lib\agents\gradle-instrumentation-agent-8.13.jar 
java_command: org.gradle.launcher.daemon.bootstrap.GradleDaemon 8.13
java_class_path (initial): C:\Users\andre\.gradle\wrapper\dists\gradle-8.13-bin\5xuhj0ry160q40clulazy9h7d\gradle-8.13\lib\gradle-daemon-main-8.13.jar
Launcher Type: SUN_STANDARD

[Global flags]
     intx CICompilerCount                          = 4                                         {product} {ergonomic}
   size_t CompressedClassSpaceSize                 = 335544320                                 {product} {ergonomic}
     uint ConcGCThreads                            = 3                                         {product} {ergonomic}
     uint G1ConcRefinementThreads                  = 10                                        {product} {ergonomic}
   size_t G1HeapRegionSize                         = 1048576                                   {product} {ergonomic}
    uintx GCDrainStackTargetSize                   = 64                                        {product} {ergonomic}
     bool HeapDumpOnOutOfMemoryError               = true                                   {manageable} {command line}
   size_t InitialHeapSize                          = 268435456                                 {product} {command line}
   size_t MarkStackSize                            = 4194304                                   {product} {ergonomic}
   size_t MaxHeapSize                              = 536870912                                 {product} {command line}
   size_t MaxMetaspaceSize                         = 402653184                                 {product} {command line}
   size_t MaxNewSize                               = 321912832                                 {product} {ergonomic}
   size_t MinHeapDeltaBytes                        = 1048576                                   {product} {ergonomic}
   size_t MinHeapSize                              = 268435456                                 {product} {command line}
    uintx NonNMethodCodeHeapSize                   = 5839372                                {pd product} {ergonomic}
    uintx NonProfiledCodeHeapSize                  = 122909434                              {pd product} {ergonomic}
    uintx ProfiledCodeHeapSize                     = 122909434                              {pd product} {ergonomic}
    uintx ReservedCodeCacheSize                    = 251658240                              {pd product} {ergonomic}
     bool SegmentedCodeCache                       = true                                      {product} {ergonomic}
   size_t SoftMaxHeapSize                          = 536870912                              {manageable} {ergonomic}
     bool UseCompressedClassPointers               = true                           {product lp64_product} {ergonomic}
     bool UseCompressedOops                        = true                           {product lp64_product} {ergonomic}
     bool UseG1GC                                  = true                                      {product} {ergonomic}
     bool UseLargePagesIndividualAllocation        = false                                  {pd product} {ergonomic}

Logging:
Log output configuration:
 #0: stdout all=warning uptime,level,tags
 #1: stderr all=off uptime,level,tags

Environment Variables:
JAVA_HOME=C:\Users\andre\.jdks\liberica-full-21.0.6
PATH=C:\Users\andre\.jdks\liberica-full-21.0.6\bin;C:\Program Files\BellSoft\LibericaJDK-8-Full\bin\;C:\Program Files\Eclipse Adoptium\jdk-17.0.13.11-hotspot\bin;C:\Program Files\Eclipse Adoptium\jre-11.0.25.9-hotspot\bin;C:\Program Files\Eclipse Adoptium\jdk-11.0.25.9-hotspot\bin;C:\Program Files\Eclipse Adoptium\jdk-8.0.432.6-hotspot\bin;C:\Program Files\Zulu\zulu-8\bin\;C:\Program Files\PlasticSCM5\server;C:\Program Files\PlasticSCM5\client;C:\Program Files\BellSoft\LibericaJDK-8\bin\;C:\Program Files (x86)\Common Files\Oracle\Java\javapath;C:\WINDOWS\system32;C:\WINDOWS;C:\WINDOWS\System32\Wbem;C:\WINDOWS\System32\WindowsPowerShell\v1.0\;C:\WINDOWS\System32\OpenSSH\;C:\Program Files\NVIDIA Corporation\NVIDIA app\NvDLISR;C:\Program Files (x86)\NVIDIA Corporation\PhysX\Common;C:\Program Files\Git\cmd;C:\Program Files\Docker\Docker\resources\bin;C:\Program Files\RabbitMQ Server\rabbitmq_server-4.0.8\sbin;D:\Download\Apache24\bin;C:\Program Files\nodejs\;C:\Users\andre\AppData\Local\Microsoft\WindowsApps;C:\Program Files\JetBrains\IntelliJ IDEA 2024.3\bin;;C:\Users\andre\AppData\Local\GitHubDesktop\bin;C:\Program Files\JetBrains\JetBrains Rider 2024.3.2\bin;;C:\Users\andre\.fly\bin;C:\Users\andre\AppData\Roaming\npm;D:\WebStorm 2025.1\bin;;C:\Users\andre\AppData\Local\Programs\cursor\resources\app\bin
USERNAME=
OS=Windows_NT
PROCESSOR_IDENTIFIER=AMD64 Family 25 Model 33 Stepping 2, AuthenticAMD
TMP=C:\Users\andre\AppData\Local\Temp
TEMP=C:\Users\andre\AppData\Local\Temp



Periodic native trim disabled


---------------  S Y S T E M  ---------------

OS:
 Windows 11 , 64 bit Build 26100 (10.0.26100.4202)
OS uptime: 0 days 9:50 hours
Hyper-V role detected

CPU: total 12 (initial active 12) (12 cores per cpu, 2 threads per core) family 25 model 33 stepping 2 microcode 0xa20120e, cx8, cmov, fxsr, ht, mmx, 3dnowpref, sse, sse2, sse3, ssse3, sse4a, sse4.1, sse4.2, popcnt, lzcnt, tsc, tscinvbit, avx, avx2, aes, clmul, bmi1, bmi2, adx, sha, fma, vzeroupper, clflush, clflushopt, hv
Processor Information for all 12 processors :
  Max Mhz: 3501, Current Mhz: 3501, Mhz Limit: 3501

Memory: 4k page, system-wide physical 16309M (3414M free)
TotalPageFile size 36309M (AvailPageFile size 0M)
current process WorkingSet (physical memory assigned to process): 332M, peak: 341M
current process commit charge ("private bytes"): 468M, peak: 486M

vm_info: OpenJDK 64-Bit Server VM (17.0.13+12-LTS) for windows-amd64 JRE (17.0.13+12-LTS), built on Oct 10 2024 10:52:45 by "" with MS VC++ 17.1 (VS2022)

END.
